[2023-07-07 13:02:56] local.ERROR: App provider start  
[2023-07-07 13:02:56] local.DEBUG: requested URL : https://newtaxi.seentechs.com/api/currency_conversion  
[2023-07-07 13:02:56] local.DEBUG: Post Method Params : {"amount":"151","token":"eyJ0eXAiOiJKV1QiLCJhbGciOiJIUzI1NiJ9.eyJpc3MiOiJodHRwczovL2V5Y2FiLmNvbS9hcGkvbG9naW4iLCJpYXQiOjE2ODg3MjkwNDMsImV4cCI6MTY5MTM1NzA0MywibmJmIjoxNjg4NzI5MDQzLCJqdGkiOiIzejVzM0VCZURFeDNXNHUwIiwic3ViIjoxMDA0NiwicHJ2IjoiMjNiZDVjODk0OWY2MDBhZGIzOWU3MDFjNDAwODcyZGI3YTU5NzZmNyJ9.VcCWDpjx7PNv3EYxZDVWGaXwC5s_R4Ekus7y13iWrxA","payment_type":"paytm"}  
[2023-07-07 13:02:56] local.ERROR: App provider start  
[2023-07-07 13:02:56] local.DEBUG: requested URL : https://newtaxi.seentechs.com/api/currency_conversion  
[2023-07-07 13:02:56] local.DEBUG: Post Method Params : {"amount":"151","token":"eyJ0eXAiOiJKV1QiLCJhbGciOiJIUzI1NiJ9.eyJpc3MiOiJodHRwczovL2V5Y2FiLmNvbS9hcGkvbG9naW4iLCJpYXQiOjE2ODg3MjkwNDMsImV4cCI6MTY5MTM1NzA0MywibmJmIjoxNjg4NzI5MDQzLCJqdGkiOiIzejVzM0VCZURFeDNXNHUwIiwic3ViIjoxMDA0NiwicHJ2IjoiMjNiZDVjODk0OWY2MDBhZGIzOWU3MDFjNDAwODcyZGI3YTU5NzZmNyJ9.VcCWDpjx7PNv3EYxZDVWGaXwC5s_R4Ekus7y13iWrxA","payment_type":"paytm"}  
[2023-07-07 13:02:56] local.ERROR: route start  
[2023-07-07 13:02:56] local.ERROR: App provider start  
[2023-07-07 13:02:56] local.DEBUG: requested URL : https://newtaxi.seentechs.com/api/currency_conversion  
[2023-07-07 13:02:56] local.DEBUG: Post Method Params : {"amount":"151","token":"eyJ0eXAiOiJKV1QiLCJhbGciOiJIUzI1NiJ9.eyJpc3MiOiJodHRwczovL2V5Y2FiLmNvbS9hcGkvbG9naW4iLCJpYXQiOjE2ODg3MjkwNDMsImV4cCI6MTY5MTM1NzA0MywibmJmIjoxNjg4NzI5MDQzLCJqdGkiOiIzejVzM0VCZURFeDNXNHUwIiwic3ViIjoxMDA0NiwicHJ2IjoiMjNiZDVjODk0OWY2MDBhZGIzOWU3MDFjNDAwODcyZGI3YTU5NzZmNyJ9.VcCWDpjx7PNv3EYxZDVWGaXwC5s_R4Ekus7y13iWrxA","payment_type":"paytm"}  
[2023-07-07 13:02:56] local.ERROR: Start provider start  
[2023-07-07 13:02:56] local.ERROR: route start  
[2023-07-07 13:02:56] local.ERROR: token validate start  
[2023-07-07 13:02:56] local.ERROR: App provider start  
[2023-07-07 13:02:56] local.DEBUG: requested URL : https://newtaxi.seentechs.com/api/paytm_web_payment  
[2023-07-07 13:02:56] local.DEBUG: Post Method Params : {"amount":"151","pay_for":"wallet","payment_type":"paytm","trip_id":"","mode":"light","token":"eyJ0eXAiOiJKV1QiLCJhbGciOiJIUzI1NiJ9.eyJpc3MiOiJodHRwczovL2V5Y2FiLmNvbS9hcGkvbG9naW4iLCJpYXQiOjE2ODg3MjkwNDMsImV4cCI6MTY5MTM1NzA0MywibmJmIjoxNjg4NzI5MDQzLCJqdGkiOiIzejVzM0VCZURFeDNXNHUwIiwic3ViIjoxMDA0NiwicHJ2IjoiMjNiZDVjODk0OWY2MDBhZGIzOWU3MDFjNDAwODcyZGI3YTU5NzZmNyJ9.VcCWDpjx7PNv3EYxZDVWGaXwC5s_R4Ekus7y13iWrxA"}  
[2023-07-07 13:02:56] local.ERROR: Start provider start  
[2023-07-07 13:02:56] local.ERROR: token validate end  
[2023-07-07 13:02:56] local.ERROR: token validate start  
[2023-07-07 13:02:56] local.ERROR: route start  
[2023-07-07 13:02:56] local.ERROR: token validate end  
[2023-07-07 13:02:56] local.ERROR: route start  
[2023-07-07 13:02:56] local.ERROR: Start provider start  
[2023-07-07 13:02:56] local.ERROR: token validate start  
[2023-07-07 13:02:56] local.ERROR: Start provider start  
[2023-07-07 13:02:56] local.ERROR: token validate end  
[2023-07-07 13:02:57] local.ERROR: App provider start  
[2023-07-07 13:02:57] local.DEBUG: requested URL : https://newtaxi.seentechs.com/api/paytm_callback  
[2023-07-07 13:02:57] local.DEBUG: Post Method Params : {"ORDERID":"64a80d00b57f1","MID":"UfnfTQdcfwHZiSma","TXNAMOUNT":"151.00","CURRENCY":"INR","STATUS":"TXN_FAILURE","RESPCODE":"330","RESPMSG":"Invalid checksum","BANKTXNID":""}  
[2023-07-07 13:02:57] local.ERROR: route start  
[2023-07-07 13:02:57] local.ERROR: Start provider start  
[2023-07-07 13:03:01] local.ERROR: App provider start  
[2023-07-07 13:03:01] local.DEBUG: requested URL : https://newtaxi.seentechs.com/api/cron_offline  
[2023-07-07 13:03:02] local.ERROR: App provider start  
[2023-07-07 13:03:02] local.DEBUG: requested URL : https://newtaxi.seentechs.com/api/cron_request_car  
[2023-07-07 13:03:02] local.ERROR: route start  
[2023-07-07 13:03:02] local.ERROR: route start  
[2023-07-07 13:03:02] local.ERROR: Start provider start  
[2023-07-07 13:03:02] local.ERROR: Start provider start  
[2023-07-07 13:03:02] local.INFO: Now Cron is Running   
[2023-07-07 13:03:36] local.ERROR: App provider start  
[2023-07-07 13:03:36] local.DEBUG: requested URL : https://newtaxi.seentechs.com/admin/payment_gateway  
[2023-07-07 13:03:36] local.ERROR: route start  
[2023-07-07 13:03:36] local.ERROR: Start provider start  
[2023-07-07 13:03:37] local.ERROR: App provider start  
[2023-07-07 13:03:37] local.DEBUG: requested URL : https://newtaxi.seentechs.com/images/seller_settings.png  
[2023-07-07 13:03:37] local.ERROR: route start  
[2023-07-07 13:03:37] local.ERROR: Start provider start  
[2023-07-07 13:04:01] local.ERROR: App provider start  
[2023-07-07 13:04:01] local.DEBUG: requested URL : https://newtaxi.seentechs.com/api/cron_request_car  
[2023-07-07 13:04:02] local.ERROR: route start  
[2023-07-07 13:04:02] local.ERROR: Start provider start  
[2023-07-07 13:04:02] local.INFO: Now Cron is Running   
[2023-07-07 13:04:02] local.ERROR: App provider start  
[2023-07-07 13:04:02] local.DEBUG: requested URL : https://newtaxi.seentechs.com/api/cron_offline  
[2023-07-07 13:04:02] local.ERROR: route start  
[2023-07-07 13:04:02] local.ERROR: Start provider start  
[2023-07-07 13:05:02] local.ERROR: App provider start  
[2023-07-07 13:05:02] local.DEBUG: requested URL : https://newtaxi.seentechs.com/api/cron_request_car  
[2023-07-07 13:05:02] local.ERROR: App provider start  
[2023-07-07 13:05:02] local.DEBUG: requested URL : https://newtaxi.seentechs.com/api/cron_offline  
[2023-07-07 13:05:02] local.ERROR: route start  
[2023-07-07 13:05:02] local.ERROR: route start  
[2023-07-07 13:05:02] local.ERROR: Start provider start  
[2023-07-07 13:05:02] local.INFO: Now Cron is Running   
[2023-07-07 13:05:02] local.ERROR: Start provider start  
[2023-07-07 13:06:02] local.ERROR: App provider start  
[2023-07-07 13:06:02] local.DEBUG: requested URL : https://newtaxi.seentechs.com/api/cron_offline  
[2023-07-07 13:06:02] local.ERROR: route start  
[2023-07-07 13:06:02] local.ERROR: Start provider start  
[2023-07-07 13:06:02] local.ERROR: App provider start  
[2023-07-07 13:06:02] local.DEBUG: requested URL : https://newtaxi.seentechs.com/api/cron_request_car  
[2023-07-07 13:06:02] local.ERROR: route start  
[2023-07-07 13:06:02] local.ERROR: Start provider start  
[2023-07-07 13:06:02] local.INFO: Now Cron is Running   
[2023-07-07 13:06:30] local.ERROR: App provider start  
[2023-07-07 13:06:30] local.DEBUG: requested URL : https://newtaxi.seentechs.com/api/currency_conversion  
[2023-07-07 13:06:30] local.DEBUG: Post Method Params : {"amount":"8484","token":"eyJ0eXAiOiJKV1QiLCJhbGciOiJIUzI1NiJ9.eyJpc3MiOiJodHRwczovL2V5Y2FiLmNvbS9hcGkvbG9naW4iLCJpYXQiOjE2ODg3MjkwNDMsImV4cCI6MTY5MTM1NzA0MywibmJmIjoxNjg4NzI5MDQzLCJqdGkiOiIzejVzM0VCZURFeDNXNHUwIiwic3ViIjoxMDA0NiwicHJ2IjoiMjNiZDVjODk0OWY2MDBhZGIzOWU3MDFjNDAwODcyZGI3YTU5NzZmNyJ9.VcCWDpjx7PNv3EYxZDVWGaXwC5s_R4Ekus7y13iWrxA","payment_type":"paytm"}  
[2023-07-07 13:06:30] local.ERROR: App provider start  
[2023-07-07 13:06:30] local.DEBUG: requested URL : https://newtaxi.seentechs.com/api/currency_conversion  
[2023-07-07 13:06:30] local.DEBUG: Post Method Params : {"amount":"8484","token":"eyJ0eXAiOiJKV1QiLCJhbGciOiJIUzI1NiJ9.eyJpc3MiOiJodHRwczovL2V5Y2FiLmNvbS9hcGkvbG9naW4iLCJpYXQiOjE2ODg3MjkwNDMsImV4cCI6MTY5MTM1NzA0MywibmJmIjoxNjg4NzI5MDQzLCJqdGkiOiIzejVzM0VCZURFeDNXNHUwIiwic3ViIjoxMDA0NiwicHJ2IjoiMjNiZDVjODk0OWY2MDBhZGIzOWU3MDFjNDAwODcyZGI3YTU5NzZmNyJ9.VcCWDpjx7PNv3EYxZDVWGaXwC5s_R4Ekus7y13iWrxA","payment_type":"paytm"}  
[2023-07-07 13:06:30] local.ERROR: route start  
[2023-07-07 13:06:30] local.ERROR: route start  
[2023-07-07 13:06:30] local.ERROR: App provider start  
[2023-07-07 13:06:30] local.DEBUG: requested URL : https://newtaxi.seentechs.com/api/currency_conversion  
[2023-07-07 13:06:30] local.DEBUG: Post Method Params : {"amount":"8484","token":"eyJ0eXAiOiJKV1QiLCJhbGciOiJIUzI1NiJ9.eyJpc3MiOiJodHRwczovL2V5Y2FiLmNvbS9hcGkvbG9naW4iLCJpYXQiOjE2ODg3MjkwNDMsImV4cCI6MTY5MTM1NzA0MywibmJmIjoxNjg4NzI5MDQzLCJqdGkiOiIzejVzM0VCZURFeDNXNHUwIiwic3ViIjoxMDA0NiwicHJ2IjoiMjNiZDVjODk0OWY2MDBhZGIzOWU3MDFjNDAwODcyZGI3YTU5NzZmNyJ9.VcCWDpjx7PNv3EYxZDVWGaXwC5s_R4Ekus7y13iWrxA","payment_type":"paytm"}  
[2023-07-07 13:06:30] local.ERROR: Start provider start  
[2023-07-07 13:06:30] local.ERROR: token validate start  
[2023-07-07 13:06:30] local.ERROR: Start provider start  
[2023-07-07 13:06:30] local.ERROR: token validate end  
[2023-07-07 13:06:30] local.ERROR: token validate start  
[2023-07-07 13:06:30] local.ERROR: App provider start  
[2023-07-07 13:06:30] local.ERROR: route start  
[2023-07-07 13:06:30] local.DEBUG: requested URL : https://newtaxi.seentechs.com/api/paytm_web_payment  
[2023-07-07 13:06:30] local.DEBUG: Post Method Params : {"amount":"8484","pay_for":"wallet","payment_type":"paytm","trip_id":"","mode":"light","token":"eyJ0eXAiOiJKV1QiLCJhbGciOiJIUzI1NiJ9.eyJpc3MiOiJodHRwczovL2V5Y2FiLmNvbS9hcGkvbG9naW4iLCJpYXQiOjE2ODg3MjkwNDMsImV4cCI6MTY5MTM1NzA0MywibmJmIjoxNjg4NzI5MDQzLCJqdGkiOiIzejVzM0VCZURFeDNXNHUwIiwic3ViIjoxMDA0NiwicHJ2IjoiMjNiZDVjODk0OWY2MDBhZGIzOWU3MDFjNDAwODcyZGI3YTU5NzZmNyJ9.VcCWDpjx7PNv3EYxZDVWGaXwC5s_R4Ekus7y13iWrxA"}  
[2023-07-07 13:06:30] local.ERROR: token validate end  
[2023-07-07 13:06:30] local.ERROR: Start provider start  
[2023-07-07 13:06:30] local.ERROR: token validate start  
[2023-07-07 13:06:30] local.ERROR: token validate end  
[2023-07-07 13:06:30] local.ERROR: route start  
[2023-07-07 13:06:30] local.ERROR: Start provider start  
[2023-07-07 13:06:32] local.ERROR: App provider start  
[2023-07-07 13:06:32] local.DEBUG: requested URL : https://newtaxi.seentechs.com/api/paytm_callback  
[2023-07-07 13:06:32] local.DEBUG: Post Method Params : {"ORDERID":"64a80dd6b94af","MID":"UfnfTQdcfwHZiSma","TXNAMOUNT":"8484.00","CURRENCY":"INR","STATUS":"TXN_FAILURE","RESPCODE":"330","RESPMSG":"Invalid checksum","BANKTXNID":""}  
[2023-07-07 13:06:32] local.ERROR: route start  
[2023-07-07 13:06:32] local.ERROR: Start provider start  
[2023-07-07 13:07:02] local.ERROR: App provider start  
[2023-07-07 13:07:02] local.DEBUG: requested URL : https://newtaxi.seentechs.com/api/cron_request_car  
[2023-07-07 13:07:02] local.ERROR: route start  
[2023-07-07 13:07:02] local.ERROR: Start provider start  
[2023-07-07 13:07:02] local.INFO: Now Cron is Running   
[2023-07-07 13:07:02] local.ERROR: App provider start  
[2023-07-07 13:07:02] local.DEBUG: requested URL : https://newtaxi.seentechs.com/api/cron_offline  
[2023-07-07 13:07:02] local.ERROR: route start  
[2023-07-07 13:07:02] local.ERROR: Start provider start  
[2023-07-07 13:08:02] local.ERROR: App provider start  
[2023-07-07 13:08:02] local.DEBUG: requested URL : https://newtaxi.seentechs.com/api/cron_request_car  
[2023-07-07 13:08:02] local.ERROR: App provider start  
[2023-07-07 13:08:02] local.DEBUG: requested URL : https://newtaxi.seentechs.com/api/cron_offline  
[2023-07-07 13:08:02] local.ERROR: route start  
[2023-07-07 13:08:02] local.ERROR: Start provider start  
[2023-07-07 13:08:02] local.ERROR: route start  
[2023-07-07 13:08:02] local.INFO: Now Cron is Running   
[2023-07-07 13:08:02] local.ERROR: Start provider start  
[2023-07-07 13:09:02] local.ERROR: App provider start  
[2023-07-07 13:09:02] local.DEBUG: requested URL : https://newtaxi.seentechs.com/api/cron_request_car  
[2023-07-07 13:09:02] local.ERROR: App provider start  
[2023-07-07 13:09:02] local.DEBUG: requested URL : https://newtaxi.seentechs.com/api/cron_offline  
[2023-07-07 13:09:02] local.ERROR: route start  
[2023-07-07 13:09:02] local.ERROR: route start  
[2023-07-07 13:09:02] local.ERROR: Start provider start  
[2023-07-07 13:09:02] local.INFO: Now Cron is Running   
[2023-07-07 13:09:02] local.ERROR: Start provider start  
[2023-07-07 13:09:10] local.ERROR: App provider start  
[2023-07-07 13:09:10] local.DEBUG: requested URL : https://newtaxi.seentechs.com/api/currency_conversion  
[2023-07-07 13:09:10] local.DEBUG: Post Method Params : {"amount":"5448","token":"eyJ0eXAiOiJKV1QiLCJhbGciOiJIUzI1NiJ9.eyJpc3MiOiJodHRwczovL2V5Y2FiLmNvbS9hcGkvbG9naW4iLCJpYXQiOjE2ODg3MjkwNDMsImV4cCI6MTY5MTM1NzA0MywibmJmIjoxNjg4NzI5MDQzLCJqdGkiOiIzejVzM0VCZURFeDNXNHUwIiwic3ViIjoxMDA0NiwicHJ2IjoiMjNiZDVjODk0OWY2MDBhZGIzOWU3MDFjNDAwODcyZGI3YTU5NzZmNyJ9.VcCWDpjx7PNv3EYxZDVWGaXwC5s_R4Ekus7y13iWrxA","payment_type":"paytm"}  
[2023-07-07 13:09:10] local.ERROR: App provider start  
[2023-07-07 13:09:10] local.DEBUG: requested URL : https://newtaxi.seentechs.com/api/currency_conversion  
[2023-07-07 13:09:10] local.DEBUG: Post Method Params : {"amount":"5448","token":"eyJ0eXAiOiJKV1QiLCJhbGciOiJIUzI1NiJ9.eyJpc3MiOiJodHRwczovL2V5Y2FiLmNvbS9hcGkvbG9naW4iLCJpYXQiOjE2ODg3MjkwNDMsImV4cCI6MTY5MTM1NzA0MywibmJmIjoxNjg4NzI5MDQzLCJqdGkiOiIzejVzM0VCZURFeDNXNHUwIiwic3ViIjoxMDA0NiwicHJ2IjoiMjNiZDVjODk0OWY2MDBhZGIzOWU3MDFjNDAwODcyZGI3YTU5NzZmNyJ9.VcCWDpjx7PNv3EYxZDVWGaXwC5s_R4Ekus7y13iWrxA","payment_type":"paytm"}  
[2023-07-07 13:09:11] local.ERROR: route start  
[2023-07-07 13:09:11] local.ERROR: route start  
[2023-07-07 13:09:11] local.ERROR: Start provider start  
[2023-07-07 13:09:11] local.ERROR: Start provider start  
[2023-07-07 13:09:11] local.ERROR: App provider start  
[2023-07-07 13:09:11] local.DEBUG: requested URL : https://newtaxi.seentechs.com/api/currency_conversion  
[2023-07-07 13:09:11] local.DEBUG: Post Method Params : {"amount":"5448","token":"eyJ0eXAiOiJKV1QiLCJhbGciOiJIUzI1NiJ9.eyJpc3MiOiJodHRwczovL2V5Y2FiLmNvbS9hcGkvbG9naW4iLCJpYXQiOjE2ODg3MjkwNDMsImV4cCI6MTY5MTM1NzA0MywibmJmIjoxNjg4NzI5MDQzLCJqdGkiOiIzejVzM0VCZURFeDNXNHUwIiwic3ViIjoxMDA0NiwicHJ2IjoiMjNiZDVjODk0OWY2MDBhZGIzOWU3MDFjNDAwODcyZGI3YTU5NzZmNyJ9.VcCWDpjx7PNv3EYxZDVWGaXwC5s_R4Ekus7y13iWrxA","payment_type":"paytm"}  
[2023-07-07 13:09:11] local.ERROR: token validate start  
[2023-07-07 13:09:11] local.ERROR: token validate start  
[2023-07-07 13:09:11] local.ERROR: App provider start  
[2023-07-07 13:09:11] local.DEBUG: requested URL : https://newtaxi.seentechs.com/api/paytm_web_payment  
[2023-07-07 13:09:11] local.ERROR: token validate end  
[2023-07-07 13:09:11] local.DEBUG: Post Method Params : {"amount":"5448","pay_for":"wallet","payment_type":"paytm","trip_id":"","mode":"light","token":"eyJ0eXAiOiJKV1QiLCJhbGciOiJIUzI1NiJ9.eyJpc3MiOiJodHRwczovL2V5Y2FiLmNvbS9hcGkvbG9naW4iLCJpYXQiOjE2ODg3MjkwNDMsImV4cCI6MTY5MTM1NzA0MywibmJmIjoxNjg4NzI5MDQzLCJqdGkiOiIzejVzM0VCZURFeDNXNHUwIiwic3ViIjoxMDA0NiwicHJ2IjoiMjNiZDVjODk0OWY2MDBhZGIzOWU3MDFjNDAwODcyZGI3YTU5NzZmNyJ9.VcCWDpjx7PNv3EYxZDVWGaXwC5s_R4Ekus7y13iWrxA"}  
[2023-07-07 13:09:11] local.ERROR: token validate end  
[2023-07-07 13:09:11] local.ERROR: route start  
[2023-07-07 13:09:11] local.ERROR: route start  
[2023-07-07 13:09:11] local.ERROR: Start provider start  
[2023-07-07 13:09:11] local.ERROR: token validate start  
[2023-07-07 13:09:11] local.ERROR: token validate end  
[2023-07-07 13:09:11] local.ERROR: Start provider start  
[2023-07-07 13:09:12] local.ERROR: App provider start  
[2023-07-07 13:09:12] local.DEBUG: requested URL : https://newtaxi.seentechs.com/api/paytm_callback  
[2023-07-07 13:09:12] local.DEBUG: Post Method Params : {"ORDERID":"64a80e777c689","MID":"UfnfTQdcfwHZiSma","TXNAMOUNT":"5448.00","CURRENCY":"INR","STATUS":"TXN_FAILURE","RESPCODE":"330","RESPMSG":"Invalid checksum","BANKTXNID":""}  
[2023-07-07 13:09:12] local.ERROR: route start  
[2023-07-07 13:09:12] local.ERROR: Start provider start  
[2023-07-07 13:10:02] local.ERROR: App provider start  
[2023-07-07 13:10:02] local.DEBUG: requested URL : https://newtaxi.seentechs.com/api/cron_request_car  
[2023-07-07 13:10:03] local.ERROR: App provider start  
[2023-07-07 13:10:03] local.DEBUG: requested URL : https://newtaxi.seentechs.com/api/cron_offline  
[2023-07-07 13:10:03] local.ERROR: route start  
[2023-07-07 13:10:03] local.ERROR: route start  
[2023-07-07 13:10:03] local.ERROR: Start provider start  
[2023-07-07 13:10:03] local.ERROR: Start provider start  
[2023-07-07 13:10:03] local.INFO: Now Cron is Running   
[2023-07-07 13:11:02] local.ERROR: App provider start  
[2023-07-07 13:11:02] local.DEBUG: requested URL : https://newtaxi.seentechs.com/api/cron_request_car  
[2023-07-07 13:11:02] local.ERROR: App provider start  
[2023-07-07 13:11:02] local.DEBUG: requested URL : https://newtaxi.seentechs.com/api/cron_offline  
[2023-07-07 13:11:02] local.ERROR: route start  
[2023-07-07 13:11:02] local.ERROR: Start provider start  
[2023-07-07 13:11:02] local.INFO: Now Cron is Running   
[2023-07-07 13:11:02] local.ERROR: route start  
[2023-07-07 13:11:02] local.ERROR: Start provider start  
[2023-07-07 13:11:18] local.ERROR: App provider start  
[2023-07-07 13:11:18] local.DEBUG: requested URL : https://newtaxi.seentechs.com/api/currency_conversion  
[2023-07-07 13:11:18] local.DEBUG: Post Method Params : {"amount":"2151","token":"eyJ0eXAiOiJKV1QiLCJhbGciOiJIUzI1NiJ9.eyJpc3MiOiJodHRwczovL2V5Y2FiLmNvbS9hcGkvbG9naW4iLCJpYXQiOjE2ODg3MjkwNDMsImV4cCI6MTY5MTM1NzA0MywibmJmIjoxNjg4NzI5MDQzLCJqdGkiOiIzejVzM0VCZURFeDNXNHUwIiwic3ViIjoxMDA0NiwicHJ2IjoiMjNiZDVjODk0OWY2MDBhZGIzOWU3MDFjNDAwODcyZGI3YTU5NzZmNyJ9.VcCWDpjx7PNv3EYxZDVWGaXwC5s_R4Ekus7y13iWrxA","payment_type":"paytm"}  
[2023-07-07 13:11:18] local.ERROR: App provider start  
[2023-07-07 13:11:18] local.DEBUG: requested URL : https://newtaxi.seentechs.com/api/currency_conversion  
[2023-07-07 13:11:18] local.DEBUG: Post Method Params : {"amount":"2151","token":"eyJ0eXAiOiJKV1QiLCJhbGciOiJIUzI1NiJ9.eyJpc3MiOiJodHRwczovL2V5Y2FiLmNvbS9hcGkvbG9naW4iLCJpYXQiOjE2ODg3MjkwNDMsImV4cCI6MTY5MTM1NzA0MywibmJmIjoxNjg4NzI5MDQzLCJqdGkiOiIzejVzM0VCZURFeDNXNHUwIiwic3ViIjoxMDA0NiwicHJ2IjoiMjNiZDVjODk0OWY2MDBhZGIzOWU3MDFjNDAwODcyZGI3YTU5NzZmNyJ9.VcCWDpjx7PNv3EYxZDVWGaXwC5s_R4Ekus7y13iWrxA","payment_type":"paytm"}  
[2023-07-07 13:11:18] local.ERROR: App provider start  
[2023-07-07 13:11:18] local.DEBUG: requested URL : https://newtaxi.seentechs.com/api/currency_conversion  
[2023-07-07 13:11:18] local.DEBUG: Post Method Params : {"amount":"2151","token":"eyJ0eXAiOiJKV1QiLCJhbGciOiJIUzI1NiJ9.eyJpc3MiOiJodHRwczovL2V5Y2FiLmNvbS9hcGkvbG9naW4iLCJpYXQiOjE2ODg3MjkwNDMsImV4cCI6MTY5MTM1NzA0MywibmJmIjoxNjg4NzI5MDQzLCJqdGkiOiIzejVzM0VCZURFeDNXNHUwIiwic3ViIjoxMDA0NiwicHJ2IjoiMjNiZDVjODk0OWY2MDBhZGIzOWU3MDFjNDAwODcyZGI3YTU5NzZmNyJ9.VcCWDpjx7PNv3EYxZDVWGaXwC5s_R4Ekus7y13iWrxA","payment_type":"paytm"}  
[2023-07-07 13:11:18] local.ERROR: route start  
[2023-07-07 13:11:18] local.ERROR: App provider start  
[2023-07-07 13:11:18] local.ERROR: route start  
[2023-07-07 13:11:18] local.DEBUG: requested URL : https://newtaxi.seentechs.com/api/paytm_web_payment  
[2023-07-07 13:11:18] local.DEBUG: Post Method Params : {"amount":"2151","pay_for":"wallet","payment_type":"paytm","trip_id":"","mode":"light","token":"eyJ0eXAiOiJKV1QiLCJhbGciOiJIUzI1NiJ9.eyJpc3MiOiJodHRwczovL2V5Y2FiLmNvbS9hcGkvbG9naW4iLCJpYXQiOjE2ODg3MjkwNDMsImV4cCI6MTY5MTM1NzA0MywibmJmIjoxNjg4NzI5MDQzLCJqdGkiOiIzejVzM0VCZURFeDNXNHUwIiwic3ViIjoxMDA0NiwicHJ2IjoiMjNiZDVjODk0OWY2MDBhZGIzOWU3MDFjNDAwODcyZGI3YTU5NzZmNyJ9.VcCWDpjx7PNv3EYxZDVWGaXwC5s_R4Ekus7y13iWrxA"}  
[2023-07-07 13:11:18] local.ERROR: Start provider start  
[2023-07-07 13:11:18] local.ERROR: route start  
[2023-07-07 13:11:18] local.ERROR: token validate start  
[2023-07-07 13:11:18] local.ERROR: Start provider start  
[2023-07-07 13:11:18] local.ERROR: token validate end  
[2023-07-07 13:11:18] local.ERROR: Start provider start  
[2023-07-07 13:11:18] local.ERROR: token validate start  
[2023-07-07 13:11:18] local.ERROR: token validate start  
[2023-07-07 13:11:18] local.ERROR: route start  
[2023-07-07 13:11:18] local.ERROR: token validate end  
[2023-07-07 13:11:18] local.ERROR: token validate end  
[2023-07-07 13:11:18] local.ERROR: Start provider start  
[2023-07-07 13:11:20] local.ERROR: App provider start  
[2023-07-07 13:11:20] local.DEBUG: requested URL : https://newtaxi.seentechs.com/api/paytm_callback  
[2023-07-07 13:11:20] local.DEBUG: Post Method Params : {"ORDERID":"64a80ef6b4ee4","MID":"UfnfTQdcfwHZiSma","TXNAMOUNT":"2151.00","CURRENCY":"INR","STATUS":"TXN_FAILURE","RESPCODE":"330","RESPMSG":"Invalid checksum","BANKTXNID":""}  
[2023-07-07 13:11:20] local.ERROR: route start  
[2023-07-07 13:11:20] local.ERROR: Start provider start  
[2023-07-07 13:12:02] local.ERROR: App provider start  
[2023-07-07 13:12:02] local.DEBUG: requested URL : https://newtaxi.seentechs.com/api/cron_offline  
[2023-07-07 13:12:02] local.ERROR: App provider start  
[2023-07-07 13:12:02] local.DEBUG: requested URL : https://newtaxi.seentechs.com/api/cron_request_car  
[2023-07-07 13:12:02] local.ERROR: route start  
[2023-07-07 13:12:02] local.ERROR: route start  
[2023-07-07 13:12:02] local.ERROR: Start provider start  
[2023-07-07 13:12:02] local.ERROR: Start provider start  
[2023-07-07 13:12:02] local.INFO: Now Cron is Running   
[2023-07-07 13:12:52] local.ERROR: App provider start  
[2023-07-07 13:12:52] local.DEBUG: requested URL : http://newtaxi.seentechs.com  
[2023-07-07 13:12:52] local.ERROR: route start  
[2023-07-07 13:12:52] local.ERROR: Start provider start  
[2023-07-07 13:13:02] local.ERROR: App provider start  
[2023-07-07 13:13:02] local.DEBUG: requested URL : https://newtaxi.seentechs.com/api/cron_offline  
[2023-07-07 13:13:02] local.ERROR: route start  
[2023-07-07 13:13:02] local.ERROR: Start provider start  
[2023-07-07 13:13:02] local.ERROR: App provider start  
[2023-07-07 13:13:02] local.DEBUG: requested URL : https://newtaxi.seentechs.com/api/cron_request_car  
[2023-07-07 13:13:02] local.ERROR: route start  
[2023-07-07 13:13:02] local.ERROR: Start provider start  
[2023-07-07 13:13:02] local.INFO: Now Cron is Running   
[2023-07-07 13:14:02] local.ERROR: App provider start  
[2023-07-07 13:14:02] local.DEBUG: requested URL : https://newtaxi.seentechs.com/api/cron_request_car  
[2023-07-07 13:14:02] local.ERROR: App provider start  
[2023-07-07 13:14:02] local.DEBUG: requested URL : https://newtaxi.seentechs.com/api/cron_offline  
[2023-07-07 13:14:02] local.ERROR: route start  
[2023-07-07 13:14:02] local.ERROR: route start  
[2023-07-07 13:14:02] local.ERROR: Start provider start  
[2023-07-07 13:14:02] local.INFO: Now Cron is Running   
[2023-07-07 13:14:02] local.ERROR: Start provider start  
[2023-07-07 13:14:20] local.ERROR: App provider start  
[2023-07-07 13:14:20] local.DEBUG: requested URL : https://newtaxi.seentechs.com/api/currency_conversion  
[2023-07-07 13:14:20] local.DEBUG: Post Method Params : {"amount":"454","token":"eyJ0eXAiOiJKV1QiLCJhbGciOiJIUzI1NiJ9.eyJpc3MiOiJodHRwczovL2V5Y2FiLmNvbS9hcGkvbG9naW4iLCJpYXQiOjE2ODg3MjkwNDMsImV4cCI6MTY5MTM1NzA0MywibmJmIjoxNjg4NzI5MDQzLCJqdGkiOiIzejVzM0VCZURFeDNXNHUwIiwic3ViIjoxMDA0NiwicHJ2IjoiMjNiZDVjODk0OWY2MDBhZGIzOWU3MDFjNDAwODcyZGI3YTU5NzZmNyJ9.VcCWDpjx7PNv3EYxZDVWGaXwC5s_R4Ekus7y13iWrxA","payment_type":"paytm"}  
[2023-07-07 13:14:20] local.ERROR: App provider start  
[2023-07-07 13:14:20] local.DEBUG: requested URL : https://newtaxi.seentechs.com/api/currency_conversion  
[2023-07-07 13:14:20] local.DEBUG: Post Method Params : {"amount":"454","token":"eyJ0eXAiOiJKV1QiLCJhbGciOiJIUzI1NiJ9.eyJpc3MiOiJodHRwczovL2V5Y2FiLmNvbS9hcGkvbG9naW4iLCJpYXQiOjE2ODg3MjkwNDMsImV4cCI6MTY5MTM1NzA0MywibmJmIjoxNjg4NzI5MDQzLCJqdGkiOiIzejVzM0VCZURFeDNXNHUwIiwic3ViIjoxMDA0NiwicHJ2IjoiMjNiZDVjODk0OWY2MDBhZGIzOWU3MDFjNDAwODcyZGI3YTU5NzZmNyJ9.VcCWDpjx7PNv3EYxZDVWGaXwC5s_R4Ekus7y13iWrxA","payment_type":"paytm"}  
[2023-07-07 13:14:20] local.ERROR: route start  
[2023-07-07 13:14:20] local.ERROR: Start provider start  
[2023-07-07 13:14:20] local.ERROR: token validate start  
[2023-07-07 13:14:20] local.ERROR: route start  
[2023-07-07 13:14:20] local.ERROR: token validate end  
[2023-07-07 13:14:20] local.ERROR: Start provider start  
[2023-07-07 13:14:21] local.ERROR: token validate start  
[2023-07-07 13:14:21] local.ERROR: App provider start  
[2023-07-07 13:14:21] local.ERROR: token validate end  
[2023-07-07 13:14:21] local.DEBUG: requested URL : https://newtaxi.seentechs.com/api/currency_conversion  
[2023-07-07 13:14:21] local.DEBUG: Post Method Params : {"amount":"454","token":"eyJ0eXAiOiJKV1QiLCJhbGciOiJIUzI1NiJ9.eyJpc3MiOiJodHRwczovL2V5Y2FiLmNvbS9hcGkvbG9naW4iLCJpYXQiOjE2ODg3MjkwNDMsImV4cCI6MTY5MTM1NzA0MywibmJmIjoxNjg4NzI5MDQzLCJqdGkiOiIzejVzM0VCZURFeDNXNHUwIiwic3ViIjoxMDA0NiwicHJ2IjoiMjNiZDVjODk0OWY2MDBhZGIzOWU3MDFjNDAwODcyZGI3YTU5NzZmNyJ9.VcCWDpjx7PNv3EYxZDVWGaXwC5s_R4Ekus7y13iWrxA","payment_type":"paytm"}  
[2023-07-07 13:14:21] local.ERROR: App provider start  
[2023-07-07 13:14:21] local.DEBUG: requested URL : https://newtaxi.seentechs.com/api/paytm_web_payment  
[2023-07-07 13:14:21] local.DEBUG: Post Method Params : {"amount":"454","pay_for":"wallet","payment_type":"paytm","trip_id":"","mode":"light","token":"eyJ0eXAiOiJKV1QiLCJhbGciOiJIUzI1NiJ9.eyJpc3MiOiJodHRwczovL2V5Y2FiLmNvbS9hcGkvbG9naW4iLCJpYXQiOjE2ODg3MjkwNDMsImV4cCI6MTY5MTM1NzA0MywibmJmIjoxNjg4NzI5MDQzLCJqdGkiOiIzejVzM0VCZURFeDNXNHUwIiwic3ViIjoxMDA0NiwicHJ2IjoiMjNiZDVjODk0OWY2MDBhZGIzOWU3MDFjNDAwODcyZGI3YTU5NzZmNyJ9.VcCWDpjx7PNv3EYxZDVWGaXwC5s_R4Ekus7y13iWrxA"}  
[2023-07-07 13:14:21] local.ERROR: route start  
[2023-07-07 13:14:21] local.ERROR: route start  
[2023-07-07 13:14:21] local.ERROR: Start provider start  
[2023-07-07 13:14:21] local.ERROR: Start provider start  
[2023-07-07 13:14:21] local.ERROR: token validate start  
[2023-07-07 13:14:21] local.ERROR: token validate end  
[2023-07-07 13:15:02] local.ERROR: App provider start  
[2023-07-07 13:15:02] local.ERROR: App provider start  
[2023-07-07 13:15:02] local.DEBUG: requested URL : https://newtaxi.seentechs.com/api/cron_request_car  
[2023-07-07 13:15:02] local.DEBUG: requested URL : https://newtaxi.seentechs.com/api/cron_offline  
[2023-07-07 13:15:02] local.ERROR: route start  
[2023-07-07 13:15:02] local.ERROR: route start  
[2023-07-07 13:15:02] local.ERROR: Start provider start  
[2023-07-07 13:15:02] local.ERROR: Start provider start  
[2023-07-07 13:15:02] local.INFO: Now Cron is Running   
[2023-07-07 13:16:02] local.ERROR: App provider start  
[2023-07-07 13:16:02] local.DEBUG: requested URL : https://newtaxi.seentechs.com/api/cron_offline  
[2023-07-07 13:16:02] local.ERROR: App provider start  
[2023-07-07 13:16:02] local.DEBUG: requested URL : https://newtaxi.seentechs.com/api/cron_request_car  
[2023-07-07 13:16:02] local.ERROR: route start  
[2023-07-07 13:16:02] local.ERROR: Start provider start  
[2023-07-07 13:16:02] local.ERROR: route start  
[2023-07-07 13:16:02] local.ERROR: Start provider start  
[2023-07-07 13:16:02] local.INFO: Now Cron is Running   
[2023-07-07 13:17:02] local.ERROR: App provider start  
[2023-07-07 13:17:02] local.DEBUG: requested URL : https://newtaxi.seentechs.com/api/cron_offline  
[2023-07-07 13:17:02] local.ERROR: App provider start  
[2023-07-07 13:17:02] local.DEBUG: requested URL : https://newtaxi.seentechs.com/api/cron_request_car  
[2023-07-07 13:17:02] local.ERROR: route start  
[2023-07-07 13:17:02] local.ERROR: route start  
[2023-07-07 13:17:02] local.ERROR: Start provider start  
[2023-07-07 13:17:02] local.ERROR: Start provider start  
[2023-07-07 13:17:02] local.INFO: Now Cron is Running   
[2023-07-07 13:18:02] local.ERROR: App provider start  
[2023-07-07 13:18:02] local.DEBUG: requested URL : https://newtaxi.seentechs.com/api/cron_offline  
[2023-07-07 13:18:02] local.ERROR: App provider start  
[2023-07-07 13:18:02] local.DEBUG: requested URL : https://newtaxi.seentechs.com/api/cron_request_car  
[2023-07-07 13:18:02] local.ERROR: route start  
[2023-07-07 13:18:02] local.ERROR: Start provider start  
[2023-07-07 13:18:02] local.ERROR: route start  
[2023-07-07 13:18:02] local.ERROR: Start provider start  
[2023-07-07 13:18:02] local.INFO: Now Cron is Running   
[2023-07-07 13:19:01] local.ERROR: App provider start  
[2023-07-07 13:19:01] local.DEBUG: requested URL : https://newtaxi.seentechs.com/api/cron_request_car  
[2023-07-07 13:19:01] local.ERROR: route start  
[2023-07-07 13:19:02] local.ERROR: Start provider start  
[2023-07-07 13:19:02] local.INFO: Now Cron is Running   
[2023-07-07 13:19:02] local.ERROR: App provider start  
[2023-07-07 13:19:02] local.DEBUG: requested URL : https://newtaxi.seentechs.com/api/cron_offline  
[2023-07-07 13:19:02] local.ERROR: route start  
[2023-07-07 13:19:02] local.ERROR: Start provider start  
[2023-07-07 13:20:03] local.ERROR: App provider start  
[2023-07-07 13:20:03] local.DEBUG: requested URL : https://newtaxi.seentechs.com/api/cron_offline  
[2023-07-07 13:20:03] local.ERROR: App provider start  
[2023-07-07 13:20:03] local.DEBUG: requested URL : https://newtaxi.seentechs.com/api/cron_request_car  
[2023-07-07 13:20:03] local.ERROR: route start  
[2023-07-07 13:20:03] local.ERROR: Start provider start  
[2023-07-07 13:20:03] local.ERROR: route start  
[2023-07-07 13:20:03] local.ERROR: Start provider start  
[2023-07-07 13:20:03] local.INFO: Now Cron is Running   
[2023-07-07 13:21:02] local.ERROR: App provider start  
[2023-07-07 13:21:02] local.DEBUG: requested URL : https://newtaxi.seentechs.com/api/cron_request_car  
[2023-07-07 13:21:02] local.ERROR: App provider start  
[2023-07-07 13:21:02] local.DEBUG: requested URL : https://newtaxi.seentechs.com/api/cron_offline  
[2023-07-07 13:21:02] local.ERROR: route start  
[2023-07-07 13:21:02] local.ERROR: route start  
[2023-07-07 13:21:02] local.ERROR: Start provider start  
[2023-07-07 13:21:02] local.ERROR: Start provider start  
[2023-07-07 13:21:02] local.INFO: Now Cron is Running   
[2023-07-07 13:22:02] local.ERROR: App provider start  
[2023-07-07 13:22:02] local.DEBUG: requested URL : https://newtaxi.seentechs.com/api/cron_offline  
[2023-07-07 13:22:02] local.ERROR: App provider start  
[2023-07-07 13:22:02] local.DEBUG: requested URL : https://newtaxi.seentechs.com/api/cron_request_car  
[2023-07-07 13:22:02] local.ERROR: route start  
[2023-07-07 13:22:02] local.ERROR: Start provider start  
[2023-07-07 13:22:02] local.ERROR: route start  
[2023-07-07 13:22:02] local.ERROR: Start provider start  
[2023-07-07 13:22:02] local.INFO: Now Cron is Running   
[2023-07-07 13:23:02] local.ERROR: App provider start  
[2023-07-07 13:23:02] local.DEBUG: requested URL : https://newtaxi.seentechs.com/api/cron_offline  
[2023-07-07 13:23:02] local.ERROR: App provider start  
[2023-07-07 13:23:02] local.DEBUG: requested URL : https://newtaxi.seentechs.com/api/cron_request_car  
[2023-07-07 13:23:02] local.ERROR: route start  
[2023-07-07 13:23:02] local.ERROR: Start provider start  
[2023-07-07 13:23:02] local.ERROR: route start  
[2023-07-07 13:23:02] local.ERROR: Start provider start  
[2023-07-07 13:23:02] local.INFO: Now Cron is Running   
[2023-07-07 13:24:02] local.ERROR: App provider start  
[2023-07-07 13:24:02] local.DEBUG: requested URL : https://newtaxi.seentechs.com/api/cron_request_car  
[2023-07-07 13:24:02] local.ERROR: App provider start  
[2023-07-07 13:24:02] local.DEBUG: requested URL : https://newtaxi.seentechs.com/api/cron_offline  
[2023-07-07 13:24:02] local.ERROR: route start  
[2023-07-07 13:24:02] local.ERROR: Start provider start  
[2023-07-07 13:24:02] local.ERROR: route start  
[2023-07-07 13:24:02] local.ERROR: Start provider start  
[2023-07-07 13:24:02] local.INFO: Now Cron is Running   
[2023-07-07 13:25:02] local.ERROR: App provider start  
[2023-07-07 13:25:02] local.DEBUG: requested URL : https://newtaxi.seentechs.com/api/cron_request_car  
[2023-07-07 13:25:02] local.ERROR: App provider start  
[2023-07-07 13:25:02] local.DEBUG: requested URL : https://newtaxi.seentechs.com/api/cron_offline  
[2023-07-07 13:25:02] local.ERROR: route start  
[2023-07-07 13:25:02] local.ERROR: route start  
[2023-07-07 13:25:02] local.ERROR: Start provider start  
[2023-07-07 13:25:02] local.ERROR: Start provider start  
[2023-07-07 13:25:02] local.INFO: Now Cron is Running   
[2023-07-07 13:26:02] local.ERROR: App provider start  
[2023-07-07 13:26:02] local.DEBUG: requested URL : https://newtaxi.seentechs.com/api/cron_offline  
[2023-07-07 13:26:02] local.ERROR: App provider start  
[2023-07-07 13:26:02] local.DEBUG: requested URL : https://newtaxi.seentechs.com/api/cron_request_car  
[2023-07-07 13:26:02] local.ERROR: route start  
[2023-07-07 13:26:02] local.ERROR: Start provider start  
[2023-07-07 13:26:02] local.ERROR: route start  
[2023-07-07 13:26:02] local.ERROR: Start provider start  
[2023-07-07 13:26:02] local.INFO: Now Cron is Running   
[2023-07-07 13:27:02] local.ERROR: App provider start  
[2023-07-07 13:27:02] local.DEBUG: requested URL : https://newtaxi.seentechs.com/api/cron_offline  
[2023-07-07 13:27:02] local.ERROR: App provider start  
[2023-07-07 13:27:02] local.DEBUG: requested URL : https://newtaxi.seentechs.com/api/cron_request_car  
[2023-07-07 13:27:02] local.ERROR: route start  
[2023-07-07 13:27:02] local.ERROR: route start  
[2023-07-07 13:27:02] local.ERROR: Start provider start  
[2023-07-07 13:27:02] local.ERROR: Start provider start  
[2023-07-07 13:27:02] local.INFO: Now Cron is Running   
[2023-07-07 13:28:02] local.ERROR: App provider start  
[2023-07-07 13:28:02] local.DEBUG: requested URL : https://newtaxi.seentechs.com/api/cron_offline  
[2023-07-07 13:28:02] local.ERROR: App provider start  
[2023-07-07 13:28:02] local.DEBUG: requested URL : https://newtaxi.seentechs.com/api/cron_request_car  
[2023-07-07 13:28:02] local.ERROR: route start  
[2023-07-07 13:28:02] local.ERROR: Start provider start  
[2023-07-07 13:28:02] local.ERROR: route start  
[2023-07-07 13:28:02] local.ERROR: Start provider start  
[2023-07-07 13:28:02] local.INFO: Now Cron is Running   
[2023-07-07 13:29:02] local.ERROR: App provider start  
[2023-07-07 13:29:02] local.DEBUG: requested URL : https://newtaxi.seentechs.com/api/cron_request_car  
[2023-07-07 13:29:02] local.ERROR: App provider start  
[2023-07-07 13:29:02] local.DEBUG: requested URL : https://newtaxi.seentechs.com/api/cron_offline  
[2023-07-07 13:29:02] local.ERROR: route start  
[2023-07-07 13:29:02] local.ERROR: route start  
[2023-07-07 13:29:02] local.ERROR: Start provider start  
[2023-07-07 13:29:02] local.INFO: Now Cron is Running   
[2023-07-07 13:29:02] local.ERROR: Start provider start  
[2023-07-07 13:30:02] local.ERROR: App provider start  
[2023-07-07 13:30:02] local.DEBUG: requested URL : https://newtaxi.seentechs.com/api/cron_offline  
[2023-07-07 13:30:02] local.ERROR: App provider start  
[2023-07-07 13:30:02] local.DEBUG: requested URL : https://newtaxi.seentechs.com/api/cron_request_car  
[2023-07-07 13:30:02] local.ERROR: route start  
[2023-07-07 13:30:02] local.ERROR: Start provider start  
[2023-07-07 13:30:02] local.ERROR: route start  
[2023-07-07 13:30:02] local.ERROR: Start provider start  
[2023-07-07 13:30:02] local.INFO: Now Cron is Running   
[2023-07-07 13:31:01] local.ERROR: App provider start  
[2023-07-07 13:31:01] local.DEBUG: requested URL : https://newtaxi.seentechs.com/api/cron_offline  
[2023-07-07 13:31:01] local.ERROR: route start  
[2023-07-07 13:31:01] local.ERROR: Start provider start  
[2023-07-07 13:31:02] local.ERROR: App provider start  
[2023-07-07 13:31:02] local.DEBUG: requested URL : https://newtaxi.seentechs.com/api/cron_request_car  
[2023-07-07 13:31:02] local.ERROR: route start  
[2023-07-07 13:31:02] local.ERROR: Start provider start  
[2023-07-07 13:31:02] local.INFO: Now Cron is Running   
[2023-07-07 13:32:01] local.ERROR: App provider start  
[2023-07-07 13:32:01] local.DEBUG: requested URL : https://newtaxi.seentechs.com/api/cron_request_car  
[2023-07-07 13:32:02] local.ERROR: App provider start  
[2023-07-07 13:32:02] local.DEBUG: requested URL : https://newtaxi.seentechs.com/api/cron_offline  
[2023-07-07 13:32:02] local.ERROR: route start  
[2023-07-07 13:32:02] local.ERROR: Start provider start  
[2023-07-07 13:32:02] local.INFO: Now Cron is Running   
[2023-07-07 13:32:02] local.ERROR: route start  
[2023-07-07 13:32:02] local.ERROR: Start provider start  
[2023-07-07 13:33:02] local.ERROR: App provider start  
[2023-07-07 13:33:02] local.DEBUG: requested URL : https://newtaxi.seentechs.com/api/cron_request_car  
[2023-07-07 13:33:02] local.ERROR: App provider start  
[2023-07-07 13:33:02] local.DEBUG: requested URL : https://newtaxi.seentechs.com/api/cron_offline  
[2023-07-07 13:33:02] local.ERROR: route start  
[2023-07-07 13:33:02] local.ERROR: Start provider start  
[2023-07-07 13:33:03] local.ERROR: route start  
[2023-07-07 13:33:03] local.INFO: Now Cron is Running   
[2023-07-07 13:33:03] local.ERROR: Start provider start  
[2023-07-07 13:34:02] local.ERROR: App provider start  
[2023-07-07 13:34:02] local.DEBUG: requested URL : https://newtaxi.seentechs.com/api/cron_offline  
[2023-07-07 13:34:02] local.ERROR: App provider start  
[2023-07-07 13:34:02] local.DEBUG: requested URL : https://newtaxi.seentechs.com/api/cron_request_car  
[2023-07-07 13:34:02] local.ERROR: route start  
[2023-07-07 13:34:02] local.ERROR: Start provider start  
[2023-07-07 13:34:02] local.ERROR: route start  
[2023-07-07 13:34:02] local.ERROR: Start provider start  
[2023-07-07 13:34:02] local.INFO: Now Cron is Running   
[2023-07-07 13:35:02] local.ERROR: App provider start  
[2023-07-07 13:35:02] local.DEBUG: requested URL : https://newtaxi.seentechs.com/api/cron_request_car  
[2023-07-07 13:35:02] local.ERROR: App provider start  
[2023-07-07 13:35:02] local.DEBUG: requested URL : https://newtaxi.seentechs.com/api/cron_offline  
[2023-07-07 13:35:02] local.ERROR: route start  
[2023-07-07 13:35:02] local.ERROR: route start  
[2023-07-07 13:35:02] local.ERROR: Start provider start  
[2023-07-07 13:35:02] local.ERROR: Start provider start  
[2023-07-07 13:35:02] local.INFO: Now Cron is Running   
[2023-07-07 13:36:02] local.ERROR: App provider start  
[2023-07-07 13:36:02] local.DEBUG: requested URL : https://newtaxi.seentechs.com/api/cron_offline  
[2023-07-07 13:36:02] local.ERROR: route start  
[2023-07-07 13:36:02] local.ERROR: App provider start  
[2023-07-07 13:36:02] local.DEBUG: requested URL : https://newtaxi.seentechs.com/api/cron_request_car  
[2023-07-07 13:36:02] local.ERROR: Start provider start  
[2023-07-07 13:36:03] local.ERROR: route start  
[2023-07-07 13:36:03] local.ERROR: Start provider start  
[2023-07-07 13:36:03] local.INFO: Now Cron is Running   
[2023-07-07 13:36:21] local.ERROR: App provider start  
[2023-07-07 13:36:21] local.DEBUG: requested URL : https://newtaxi.seentechs.com/api/check_version?device_type=2&user_type=rider&version=1.5  
[2023-07-07 13:36:21] local.ERROR: route start  
[2023-07-07 13:36:21] local.ERROR: Start provider start  
[2023-07-07 13:36:21] local.ERROR: App provider start  
[2023-07-07 13:36:21] local.DEBUG: requested URL : https://newtaxi.seentechs.com/api/common_data  
[2023-07-07 13:36:21] local.DEBUG: Post Method Params : {"token":"eyJ0eXAiOiJKV1QiLCJhbGciOiJIUzI1NiJ9.eyJpc3MiOiJodHRwczovL2V5Y2FiLmNvbS9hcGkvbG9naW4iLCJpYXQiOjE2ODg3MjkwNDMsImV4cCI6MTY5MTM1NzA0MywibmJmIjoxNjg4NzI5MDQzLCJqdGkiOiIzejVzM0VCZURFeDNXNHUwIiwic3ViIjoxMDA0NiwicHJ2IjoiMjNiZDVjODk0OWY2MDBhZGIzOWU3MDFjNDAwODcyZGI3YTU5NzZmNyJ9.VcCWDpjx7PNv3EYxZDVWGaXwC5s_R4Ekus7y13iWrxA"}  
[2023-07-07 13:36:21] local.ERROR: route start  
[2023-07-07 13:36:21] local.ERROR: Start provider start  
[2023-07-07 13:36:22] local.ERROR: token validate start  
[2023-07-07 13:36:22] local.ERROR: token validate end  
[2023-07-07 13:36:22] local.ERROR: user_idhotheels061692@gmail.com - Driver  
[2023-07-07 13:36:22] local.ERROR: App provider start  
[2023-07-07 13:36:22] local.DEBUG: requested URL : https://newtaxi.seentechs.com/api/get_rider_profile?token=eyJ0eXAiOiJKV1QiLCJhbGciOiJIUzI1NiJ9.eyJpc3MiOiJodHRwczovL2V5Y2FiLmNvbS9hcGkvbG9naW4iLCJpYXQiOjE2ODg3MjkwNDMsImV4cCI6MTY5MTM1NzA0MywibmJmIjoxNjg4NzI5MDQzLCJqdGkiOiIzejVzM0VCZURFeDNXNHUwIiwic3ViIjoxMDA0NiwicHJ2IjoiMjNiZDVjODk0OWY2MDBhZGIzOWU3MDFjNDAwODcyZGI3YTU5NzZmNyJ9.VcCWDpjx7PNv3EYxZDVWGaXwC5s_R4Ekus7y13iWrxA  
[2023-07-07 13:36:22] local.ERROR: App provider start  
[2023-07-07 13:36:22] local.DEBUG: requested URL : https://newtaxi.seentechs.com/api/get_trip_details?token=eyJ0eXAiOiJKV1QiLCJhbGciOiJIUzI1NiJ9.eyJpc3MiOiJodHRwczovL2V5Y2FiLmNvbS9hcGkvbG9naW4iLCJpYXQiOjE2ODg3MjkwNDMsImV4cCI6MTY5MTM1NzA0MywibmJmIjoxNjg4NzI5MDQzLCJqdGkiOiIzejVzM0VCZURFeDNXNHUwIiwic3ViIjoxMDA0NiwicHJ2IjoiMjNiZDVjODk0OWY2MDBhZGIzOWU3MDFjNDAwODcyZGI3YTU5NzZmNyJ9.VcCWDpjx7PNv3EYxZDVWGaXwC5s_R4Ekus7y13iWrxA&trip_id=  
[2023-07-07 13:36:22] local.ERROR: route start  
[2023-07-07 13:36:22] local.ERROR: Start provider start  
[2023-07-07 13:36:22] local.ERROR: route start  
[2023-07-07 13:36:22] local.ERROR: token validate start  
[2023-07-07 13:36:22] local.ERROR: token validate end  
[2023-07-07 13:36:22] local.ERROR: Start provider start  
[2023-07-07 13:36:22] local.ERROR: TripController start  
[2023-07-07 13:36:22] local.ERROR: token validate start  
[2023-07-07 13:36:22] local.ERROR: token validate end  
[2023-07-07 13:36:22] local.ERROR: trip responce start  
[2023-07-07 13:36:30] local.ERROR: App provider start  
[2023-07-07 13:36:31] local.DEBUG: requested URL : https://newtaxi.seentechs.com/api/currency_conversion  
[2023-07-07 13:36:31] local.DEBUG: Post Method Params : {"amount":"5181","token":"eyJ0eXAiOiJKV1QiLCJhbGciOiJIUzI1NiJ9.eyJpc3MiOiJodHRwczovL2V5Y2FiLmNvbS9hcGkvbG9naW4iLCJpYXQiOjE2ODg3MjkwNDMsImV4cCI6MTY5MTM1NzA0MywibmJmIjoxNjg4NzI5MDQzLCJqdGkiOiIzejVzM0VCZURFeDNXNHUwIiwic3ViIjoxMDA0NiwicHJ2IjoiMjNiZDVjODk0OWY2MDBhZGIzOWU3MDFjNDAwODcyZGI3YTU5NzZmNyJ9.VcCWDpjx7PNv3EYxZDVWGaXwC5s_R4Ekus7y13iWrxA","payment_type":"paytm"}  
[2023-07-07 13:36:31] local.ERROR: route start  
[2023-07-07 13:36:31] local.ERROR: Start provider start  
[2023-07-07 13:36:31] local.ERROR: token validate start  
[2023-07-07 13:36:31] local.ERROR: token validate end  
[2023-07-07 13:36:31] local.ERROR: App provider start  
[2023-07-07 13:36:31] local.DEBUG: requested URL : https://newtaxi.seentechs.com/api/currency_conversion  
[2023-07-07 13:36:31] local.DEBUG: Post Method Params : {"amount":"5181","token":"eyJ0eXAiOiJKV1QiLCJhbGciOiJIUzI1NiJ9.eyJpc3MiOiJodHRwczovL2V5Y2FiLmNvbS9hcGkvbG9naW4iLCJpYXQiOjE2ODg3MjkwNDMsImV4cCI6MTY5MTM1NzA0MywibmJmIjoxNjg4NzI5MDQzLCJqdGkiOiIzejVzM0VCZURFeDNXNHUwIiwic3ViIjoxMDA0NiwicHJ2IjoiMjNiZDVjODk0OWY2MDBhZGIzOWU3MDFjNDAwODcyZGI3YTU5NzZmNyJ9.VcCWDpjx7PNv3EYxZDVWGaXwC5s_R4Ekus7y13iWrxA","payment_type":"paytm"}  
[2023-07-07 13:36:31] local.ERROR: App provider start  
[2023-07-07 13:36:31] local.DEBUG: requested URL : https://newtaxi.seentechs.com/api/currency_conversion  
[2023-07-07 13:36:31] local.DEBUG: Post Method Params : {"amount":"5181","token":"eyJ0eXAiOiJKV1QiLCJhbGciOiJIUzI1NiJ9.eyJpc3MiOiJodHRwczovL2V5Y2FiLmNvbS9hcGkvbG9naW4iLCJpYXQiOjE2ODg3MjkwNDMsImV4cCI6MTY5MTM1NzA0MywibmJmIjoxNjg4NzI5MDQzLCJqdGkiOiIzejVzM0VCZURFeDNXNHUwIiwic3ViIjoxMDA0NiwicHJ2IjoiMjNiZDVjODk0OWY2MDBhZGIzOWU3MDFjNDAwODcyZGI3YTU5NzZmNyJ9.VcCWDpjx7PNv3EYxZDVWGaXwC5s_R4Ekus7y13iWrxA","payment_type":"paytm"}  
[2023-07-07 13:36:31] local.ERROR: route start  
[2023-07-07 13:36:31] local.ERROR: route start  
[2023-07-07 13:36:31] local.ERROR: Start provider start  
[2023-07-07 13:36:31] local.ERROR: Start provider start  
[2023-07-07 13:36:31] local.ERROR: token validate start  
[2023-07-07 13:36:31] local.ERROR: token validate start  
[2023-07-07 13:36:31] local.ERROR: token validate end  
[2023-07-07 13:36:31] local.ERROR: token validate end  
[2023-07-07 13:36:32] local.ERROR: App provider start  
[2023-07-07 13:36:32] local.DEBUG: requested URL : https://newtaxi.seentechs.com/api/paytm_web_payment  
[2023-07-07 13:36:32] local.DEBUG: Post Method Params : {"amount":"5181","pay_for":"wallet","payment_type":"paytm","trip_id":"","mode":"light","token":"eyJ0eXAiOiJKV1QiLCJhbGciOiJIUzI1NiJ9.eyJpc3MiOiJodHRwczovL2V5Y2FiLmNvbS9hcGkvbG9naW4iLCJpYXQiOjE2ODg3MjkwNDMsImV4cCI6MTY5MTM1NzA0MywibmJmIjoxNjg4NzI5MDQzLCJqdGkiOiIzejVzM0VCZURFeDNXNHUwIiwic3ViIjoxMDA0NiwicHJ2IjoiMjNiZDVjODk0OWY2MDBhZGIzOWU3MDFjNDAwODcyZGI3YTU5NzZmNyJ9.VcCWDpjx7PNv3EYxZDVWGaXwC5s_R4Ekus7y13iWrxA"}  
[2023-07-07 13:36:32] local.ERROR: route start  
[2023-07-07 13:36:32] local.ERROR: Start provider start  
[2023-07-07 13:37:02] local.ERROR: App provider start  
[2023-07-07 13:37:02] local.ERROR: App provider start  
[2023-07-07 13:37:02] local.DEBUG: requested URL : https://newtaxi.seentechs.com/api/cron_request_car  
[2023-07-07 13:37:02] local.DEBUG: requested URL : https://newtaxi.seentechs.com/api/cron_offline  
[2023-07-07 13:37:02] local.ERROR: route start  
[2023-07-07 13:37:02] local.ERROR: route start  
[2023-07-07 13:37:02] local.ERROR: Start provider start  
[2023-07-07 13:37:02] local.INFO: Now Cron is Running   
[2023-07-07 13:37:02] local.ERROR: Start provider start  
[2023-07-07 13:37:14] local.ERROR: App provider start  
[2023-07-07 13:37:14] local.DEBUG: requested URL : https://newtaxi.seentechs.com/api/currency_conversion  
[2023-07-07 13:37:14] local.DEBUG: Post Method Params : {"amount":"5484","token":"eyJ0eXAiOiJKV1QiLCJhbGciOiJIUzI1NiJ9.eyJpc3MiOiJodHRwczovL2V5Y2FiLmNvbS9hcGkvbG9naW4iLCJpYXQiOjE2ODg3MjkwNDMsImV4cCI6MTY5MTM1NzA0MywibmJmIjoxNjg4NzI5MDQzLCJqdGkiOiIzejVzM0VCZURFeDNXNHUwIiwic3ViIjoxMDA0NiwicHJ2IjoiMjNiZDVjODk0OWY2MDBhZGIzOWU3MDFjNDAwODcyZGI3YTU5NzZmNyJ9.VcCWDpjx7PNv3EYxZDVWGaXwC5s_R4Ekus7y13iWrxA","payment_type":"paytm"}  
[2023-07-07 13:37:14] local.ERROR: route start  
[2023-07-07 13:37:14] local.ERROR: Start provider start  
[2023-07-07 13:37:14] local.ERROR: token validate start  
[2023-07-07 13:37:14] local.ERROR: token validate end  
[2023-07-07 13:37:14] local.ERROR: App provider start  
[2023-07-07 13:37:14] local.DEBUG: requested URL : https://newtaxi.seentechs.com/api/currency_conversion  
[2023-07-07 13:37:14] local.DEBUG: Post Method Params : {"amount":"5484","token":"eyJ0eXAiOiJKV1QiLCJhbGciOiJIUzI1NiJ9.eyJpc3MiOiJodHRwczovL2V5Y2FiLmNvbS9hcGkvbG9naW4iLCJpYXQiOjE2ODg3MjkwNDMsImV4cCI6MTY5MTM1NzA0MywibmJmIjoxNjg4NzI5MDQzLCJqdGkiOiIzejVzM0VCZURFeDNXNHUwIiwic3ViIjoxMDA0NiwicHJ2IjoiMjNiZDVjODk0OWY2MDBhZGIzOWU3MDFjNDAwODcyZGI3YTU5NzZmNyJ9.VcCWDpjx7PNv3EYxZDVWGaXwC5s_R4Ekus7y13iWrxA","payment_type":"paytm"}  
[2023-07-07 13:37:15] local.ERROR: App provider start  
[2023-07-07 13:37:15] local.DEBUG: requested URL : https://newtaxi.seentechs.com/api/currency_conversion  
[2023-07-07 13:37:15] local.DEBUG: Post Method Params : {"amount":"5484","token":"eyJ0eXAiOiJKV1QiLCJhbGciOiJIUzI1NiJ9.eyJpc3MiOiJodHRwczovL2V5Y2FiLmNvbS9hcGkvbG9naW4iLCJpYXQiOjE2ODg3MjkwNDMsImV4cCI6MTY5MTM1NzA0MywibmJmIjoxNjg4NzI5MDQzLCJqdGkiOiIzejVzM0VCZURFeDNXNHUwIiwic3ViIjoxMDA0NiwicHJ2IjoiMjNiZDVjODk0OWY2MDBhZGIzOWU3MDFjNDAwODcyZGI3YTU5NzZmNyJ9.VcCWDpjx7PNv3EYxZDVWGaXwC5s_R4Ekus7y13iWrxA","payment_type":"paytm"}  
[2023-07-07 13:37:15] local.ERROR: route start  
[2023-07-07 13:37:15] local.ERROR: route start  
[2023-07-07 13:37:15] local.ERROR: Start provider start  
[2023-07-07 13:37:15] local.ERROR: token validate start  
[2023-07-07 13:37:15] local.ERROR: Start provider start  
[2023-07-07 13:37:15] local.ERROR: token validate start  
[2023-07-07 13:37:15] local.ERROR: token validate end  
[2023-07-07 13:37:15] local.ERROR: token validate end  
[2023-07-07 13:37:15] local.ERROR: App provider start  
[2023-07-07 13:37:15] local.DEBUG: requested URL : https://newtaxi.seentechs.com/api/paytm_web_payment  
[2023-07-07 13:37:15] local.DEBUG: Post Method Params : {"amount":"5484","pay_for":"wallet","payment_type":"paytm","trip_id":"","mode":"light","token":"eyJ0eXAiOiJKV1QiLCJhbGciOiJIUzI1NiJ9.eyJpc3MiOiJodHRwczovL2V5Y2FiLmNvbS9hcGkvbG9naW4iLCJpYXQiOjE2ODg3MjkwNDMsImV4cCI6MTY5MTM1NzA0MywibmJmIjoxNjg4NzI5MDQzLCJqdGkiOiIzejVzM0VCZURFeDNXNHUwIiwic3ViIjoxMDA0NiwicHJ2IjoiMjNiZDVjODk0OWY2MDBhZGIzOWU3MDFjNDAwODcyZGI3YTU5NzZmNyJ9.VcCWDpjx7PNv3EYxZDVWGaXwC5s_R4Ekus7y13iWrxA"}  
[2023-07-07 13:37:15] local.ERROR: route start  
[2023-07-07 13:37:15] local.ERROR: Start provider start  
[2023-07-07 13:38:02] local.ERROR: App provider start  
[2023-07-07 13:38:02] local.DEBUG: requested URL : https://newtaxi.seentechs.com/api/cron_request_car  
[2023-07-07 13:38:02] local.ERROR: App provider start  
[2023-07-07 13:38:02] local.DEBUG: requested URL : https://newtaxi.seentechs.com/api/cron_offline  
[2023-07-07 13:38:02] local.ERROR: route start  
[2023-07-07 13:38:02] local.ERROR: route start  
[2023-07-07 13:38:02] local.ERROR: Start provider start  
[2023-07-07 13:38:02] local.ERROR: Start provider start  
[2023-07-07 13:38:02] local.INFO: Now Cron is Running   
[2023-07-07 13:39:02] local.ERROR: App provider start  
[2023-07-07 13:39:02] local.DEBUG: requested URL : https://newtaxi.seentechs.com/api/cron_request_car  
[2023-07-07 13:39:02] local.ERROR: App provider start  
[2023-07-07 13:39:02] local.DEBUG: requested URL : https://newtaxi.seentechs.com/api/cron_offline  
[2023-07-07 13:39:03] local.ERROR: route start  
[2023-07-07 13:39:03] local.ERROR: route start  
[2023-07-07 13:39:03] local.ERROR: Start provider start  
[2023-07-07 13:39:03] local.INFO: Now Cron is Running   
[2023-07-07 13:39:03] local.ERROR: Start provider start  
[2023-07-07 13:40:02] local.ERROR: App provider start  
[2023-07-07 13:40:02] local.DEBUG: requested URL : https://newtaxi.seentechs.com/api/cron_offline  
[2023-07-07 13:40:03] local.ERROR: App provider start  
[2023-07-07 13:40:03] local.DEBUG: requested URL : https://newtaxi.seentechs.com/api/cron_request_car  
[2023-07-07 13:40:03] local.ERROR: route start  
[2023-07-07 13:40:03] local.ERROR: Start provider start  
[2023-07-07 13:40:03] local.ERROR: route start  
[2023-07-07 13:40:03] local.ERROR: Start provider start  
[2023-07-07 13:40:03] local.INFO: Now Cron is Running   
[2023-07-07 13:41:02] local.ERROR: App provider start  
[2023-07-07 13:41:02] local.DEBUG: requested URL : https://newtaxi.seentechs.com/api/cron_offline  
[2023-07-07 13:41:02] local.ERROR: App provider start  
[2023-07-07 13:41:02] local.DEBUG: requested URL : https://newtaxi.seentechs.com/api/cron_request_car  
[2023-07-07 13:41:02] local.ERROR: route start  
[2023-07-07 13:41:02] local.ERROR: route start  
[2023-07-07 13:41:02] local.ERROR: Start provider start  
[2023-07-07 13:41:02] local.ERROR: Start provider start  
[2023-07-07 13:41:02] local.INFO: Now Cron is Running   
[2023-07-07 13:42:02] local.ERROR: App provider start  
[2023-07-07 13:42:02] local.DEBUG: requested URL : https://newtaxi.seentechs.com/api/cron_request_car  
[2023-07-07 13:42:02] local.ERROR: App provider start  
[2023-07-07 13:42:02] local.DEBUG: requested URL : https://newtaxi.seentechs.com/api/cron_offline  
[2023-07-07 13:42:02] local.ERROR: route start  
[2023-07-07 13:42:02] local.ERROR: Start provider start  
[2023-07-07 13:42:02] local.INFO: Now Cron is Running   
[2023-07-07 13:42:02] local.ERROR: route start  
[2023-07-07 13:42:02] local.ERROR: Start provider start  
[2023-07-07 13:43:01] local.ERROR: App provider start  
[2023-07-07 13:43:01] local.DEBUG: requested URL : https://newtaxi.seentechs.com/api/cron_offline  
[2023-07-07 13:43:02] local.ERROR: App provider start  
[2023-07-07 13:43:02] local.DEBUG: requested URL : https://newtaxi.seentechs.com/api/cron_request_car  
[2023-07-07 13:43:02] local.ERROR: route start  
[2023-07-07 13:43:02] local.ERROR: Start provider start  
[2023-07-07 13:43:02] local.ERROR: route start  
[2023-07-07 13:43:02] local.ERROR: Start provider start  
[2023-07-07 13:43:02] local.INFO: Now Cron is Running   
[2023-07-07 13:44:01] local.ERROR: App provider start  
[2023-07-07 13:44:01] local.DEBUG: requested URL : https://newtaxi.seentechs.com/api/cron_request_car  
[2023-07-07 13:44:02] local.ERROR: route start  
[2023-07-07 13:44:02] local.ERROR: App provider start  
[2023-07-07 13:44:02] local.DEBUG: requested URL : https://newtaxi.seentechs.com/api/cron_offline  
[2023-07-07 13:44:02] local.ERROR: Start provider start  
[2023-07-07 13:44:02] local.INFO: Now Cron is Running   
[2023-07-07 13:44:02] local.ERROR: route start  
[2023-07-07 13:44:02] local.ERROR: Start provider start  
[2023-07-07 13:45:02] local.ERROR: App provider start  
[2023-07-07 13:45:02] local.DEBUG: requested URL : https://newtaxi.seentechs.com/api/cron_request_car  
[2023-07-07 13:45:02] local.ERROR: route start  
[2023-07-07 13:45:03] local.ERROR: Start provider start  
[2023-07-07 13:45:03] local.INFO: Now Cron is Running   
[2023-07-07 13:45:03] local.ERROR: App provider start  
[2023-07-07 13:45:03] local.DEBUG: requested URL : https://newtaxi.seentechs.com/api/cron_offline  
[2023-07-07 13:45:03] local.ERROR: route start  
[2023-07-07 13:45:03] local.ERROR: Start provider start  
[2023-07-07 13:46:02] local.ERROR: App provider start  
[2023-07-07 13:46:02] local.DEBUG: requested URL : https://newtaxi.seentechs.com/api/cron_offline  
[2023-07-07 13:46:02] local.ERROR: App provider start  
[2023-07-07 13:46:02] local.DEBUG: requested URL : https://newtaxi.seentechs.com/api/cron_request_car  
[2023-07-07 13:46:02] local.ERROR: route start  
[2023-07-07 13:46:02] local.ERROR: route start  
[2023-07-07 13:46:02] local.ERROR: Start provider start  
[2023-07-07 13:46:02] local.ERROR: Start provider start  
[2023-07-07 13:46:02] local.INFO: Now Cron is Running   
[2023-07-07 13:47:02] local.ERROR: App provider start  
[2023-07-07 13:47:02] local.DEBUG: requested URL : https://newtaxi.seentechs.com/api/cron_request_car  
[2023-07-07 13:47:02] local.ERROR: App provider start  
[2023-07-07 13:47:02] local.DEBUG: requested URL : https://newtaxi.seentechs.com/api/cron_offline  
[2023-07-07 13:47:02] local.ERROR: route start  
[2023-07-07 13:47:02] local.ERROR: Start provider start  
[2023-07-07 13:47:02] local.ERROR: route start  
[2023-07-07 13:47:02] local.INFO: Now Cron is Running   
[2023-07-07 13:47:02] local.ERROR: Start provider start  
[2023-07-07 13:48:02] local.ERROR: App provider start  
[2023-07-07 13:48:02] local.DEBUG: requested URL : https://newtaxi.seentechs.com/api/cron_offline  
[2023-07-07 13:48:02] local.ERROR: App provider start  
[2023-07-07 13:48:02] local.DEBUG: requested URL : https://newtaxi.seentechs.com/api/cron_request_car  
[2023-07-07 13:48:02] local.ERROR: route start  
[2023-07-07 13:48:02] local.ERROR: Start provider start  
[2023-07-07 13:48:02] local.ERROR: route start  
[2023-07-07 13:48:02] local.ERROR: Start provider start  
[2023-07-07 13:48:02] local.INFO: Now Cron is Running   
[2023-07-07 13:49:01] local.ERROR: App provider start  
[2023-07-07 13:49:01] local.DEBUG: requested URL : https://newtaxi.seentechs.com/api/cron_offline  
[2023-07-07 13:49:02] local.ERROR: App provider start  
[2023-07-07 13:49:02] local.DEBUG: requested URL : https://newtaxi.seentechs.com/api/cron_request_car  
[2023-07-07 13:49:02] local.ERROR: route start  
[2023-07-07 13:49:02] local.ERROR: Start provider start  
[2023-07-07 13:49:02] local.ERROR: route start  
[2023-07-07 13:49:02] local.ERROR: Start provider start  
[2023-07-07 13:49:02] local.INFO: Now Cron is Running   
[2023-07-07 13:50:03] local.ERROR: App provider start  
[2023-07-07 13:50:03] local.DEBUG: requested URL : https://newtaxi.seentechs.com/api/cron_request_car  
[2023-07-07 13:50:03] local.ERROR: App provider start  
[2023-07-07 13:50:03] local.DEBUG: requested URL : https://newtaxi.seentechs.com/api/cron_offline  
[2023-07-07 13:50:03] local.ERROR: route start  
[2023-07-07 13:50:03] local.ERROR: route start  
[2023-07-07 13:50:03] local.ERROR: Start provider start  
[2023-07-07 13:50:03] local.ERROR: Start provider start  
[2023-07-07 13:50:03] local.INFO: Now Cron is Running   
[2023-07-07 13:50:39] local.ERROR: App provider start  
[2023-07-07 13:50:39] local.DEBUG: requested URL : https://newtaxi.seentechs.com/admin/payment_gateway  
[2023-07-07 13:50:39] local.ERROR: route start  
[2023-07-07 13:50:39] local.ERROR: Start provider start  
[2023-07-07 13:50:39] local.ERROR: App provider start  
[2023-07-07 13:50:39] local.DEBUG: requested URL : https://newtaxi.seentechs.com/images/seller_settings.png  
[2023-07-07 13:50:39] local.ERROR: route start  
[2023-07-07 13:50:39] local.ERROR: Start provider start  
[2023-07-07 13:51:02] local.ERROR: App provider start  
[2023-07-07 13:51:02] local.DEBUG: requested URL : https://newtaxi.seentechs.com/api/cron_offline  
[2023-07-07 13:51:02] local.ERROR: App provider start  
[2023-07-07 13:51:02] local.DEBUG: requested URL : https://newtaxi.seentechs.com/api/cron_request_car  
[2023-07-07 13:51:03] local.ERROR: route start  
[2023-07-07 13:51:03] local.ERROR: Start provider start  
[2023-07-07 13:51:03] local.ERROR: route start  
[2023-07-07 13:51:03] local.ERROR: Start provider start  
[2023-07-07 13:51:03] local.INFO: Now Cron is Running   
[2023-07-07 13:52:02] local.ERROR: App provider start  
[2023-07-07 13:52:02] local.DEBUG: requested URL : https://newtaxi.seentechs.com/api/cron_request_car  
[2023-07-07 13:52:02] local.ERROR: App provider start  
[2023-07-07 13:52:02] local.DEBUG: requested URL : https://newtaxi.seentechs.com/api/cron_offline  
[2023-07-07 13:52:02] local.ERROR: route start  
[2023-07-07 13:52:02] local.ERROR: Start provider start  
[2023-07-07 13:52:02] local.INFO: Now Cron is Running   
[2023-07-07 13:52:03] local.ERROR: route start  
[2023-07-07 13:52:03] local.ERROR: Start provider start  
[2023-07-07 13:52:36] local.ERROR: App provider start  
[2023-07-07 13:52:36] local.DEBUG: requested URL : https://newtaxi.seentechs.com/admin  
[2023-07-07 13:52:37] local.ERROR: route start  
[2023-07-07 13:52:37] local.ERROR: Start provider start  
[2023-07-07 13:52:37] local.ERROR: App provider start  
[2023-07-07 13:52:37] local.DEBUG: requested URL : https://newtaxi.seentechs.com/admin/login  
[2023-07-07 13:52:37] local.ERROR: route start  
[2023-07-07 13:52:37] local.ERROR: Start provider start  
[2023-07-07 13:52:38] local.ERROR: App provider start  
[2023-07-07 13:52:38] local.DEBUG: requested URL : https://newtaxi.seentechs.com/admin_assets/plugins/img/pencil.png  
[2023-07-07 13:52:38] local.ERROR: route start  
[2023-07-07 13:52:38] local.ERROR: Start provider start  
[2023-07-07 13:52:57] local.ERROR: App provider start  
[2023-07-07 13:52:57] local.DEBUG: requested URL : https://newtaxi.seentechs.com/admin  
[2023-07-07 13:52:57] local.ERROR: route start  
[2023-07-07 13:52:57] local.ERROR: Start provider start  
[2023-07-07 13:52:58] local.ERROR: App provider start  
[2023-07-07 13:52:58] local.DEBUG: requested URL : https://newtaxi.seentechs.com/admin/login  
[2023-07-07 13:52:58] local.ERROR: route start  
[2023-07-07 13:52:58] local.ERROR: Start provider start  
[2023-07-07 13:52:58] local.ERROR: App provider start  
[2023-07-07 13:52:58] local.DEBUG: requested URL : https://newtaxi.seentechs.com/admin_assets/plugins/img/pencil.png  
[2023-07-07 13:52:58] local.ERROR: route start  
[2023-07-07 13:52:58] local.ERROR: Start provider start  
[2023-07-07 13:53:02] local.ERROR: App provider start  
[2023-07-07 13:53:02] local.DEBUG: requested URL : https://newtaxi.seentechs.com/api/cron_offline  
[2023-07-07 13:53:02] local.ERROR: App provider start  
[2023-07-07 13:53:02] local.DEBUG: requested URL : https://newtaxi.seentechs.com/api/cron_request_car  
[2023-07-07 13:53:02] local.ERROR: route start  
[2023-07-07 13:53:02] local.ERROR: route start  
[2023-07-07 13:53:02] local.ERROR: Start provider start  
[2023-07-07 13:53:02] local.INFO: Now Cron is Running   
[2023-07-07 13:53:02] local.ERROR: Start provider start  
[2023-07-07 13:53:20] local.ERROR: App provider start  
[2023-07-07 13:53:20] local.DEBUG: requested URL : https://newtaxi.seentechs.com/admin/authenticate  
[2023-07-07 13:53:20] local.DEBUG: Post Method Params : {"_token":"j8AqoLlNl0XAkxbn59qwGIsDEo7ghIoxRCrmFJeX","user_type":"Admin","username":"admin","password":"12345678900"}  
[2023-07-07 13:53:21] local.ERROR: route start  
[2023-07-07 13:53:21] local.ERROR: Start provider start  
[2023-07-07 13:53:21] local.ERROR: App provider start  
[2023-07-07 13:53:21] local.DEBUG: requested URL : https://newtaxi.seentechs.com/admin/dashboard  
[2023-07-07 13:53:21] local.ERROR: route start  
[2023-07-07 13:53:21] local.ERROR: Start provider start  
[2023-07-07 13:53:21] local.ERROR: App provider start  
[2023-07-07 13:53:21] local.DEBUG: requested URL : https://newtaxi.seentechs.com/admin/authenticate  
[2023-07-07 13:53:21] local.DEBUG: Post Method Params : {"_token":"j8AqoLlNl0XAkxbn59qwGIsDEo7ghIoxRCrmFJeX","user_type":"Admin","username":"admin","password":"12345678900"}  
[2023-07-07 13:53:21] local.ERROR: route start  
[2023-07-07 13:53:21] local.ERROR: Start provider start  
[2023-07-07 13:53:22] local.ERROR: App provider start  
[2023-07-07 13:53:22] local.DEBUG: requested URL : https://newtaxi.seentechs.com/admin/dashboard  
[2023-07-07 13:53:22] local.ERROR: route start  
[2023-07-07 13:53:22] local.ERROR: Start provider start  
[2023-07-07 13:54:02] local.ERROR: App provider start  
[2023-07-07 13:54:02] local.DEBUG: requested URL : https://newtaxi.seentechs.com/api/cron_request_car  
[2023-07-07 13:54:03] local.ERROR: App provider start  
[2023-07-07 13:54:03] local.DEBUG: requested URL : https://newtaxi.seentechs.com/api/cron_offline  
[2023-07-07 13:54:03] local.ERROR: route start  
[2023-07-07 13:54:03] local.ERROR: route start  
[2023-07-07 13:54:03] local.ERROR: Start provider start  
[2023-07-07 13:54:03] local.INFO: Now Cron is Running   
[2023-07-07 13:54:03] local.ERROR: Start provider start  
[2023-07-07 13:55:03] local.ERROR: App provider start  
[2023-07-07 13:55:03] local.ERROR: App provider start  
[2023-07-07 13:55:03] local.DEBUG: requested URL : https://newtaxi.seentechs.com/api/cron_request_car  
[2023-07-07 13:55:03] local.DEBUG: requested URL : https://newtaxi.seentechs.com/api/cron_offline  
[2023-07-07 13:55:03] local.ERROR: route start  
[2023-07-07 13:55:03] local.ERROR: Start provider start  
[2023-07-07 13:55:03] local.INFO: Now Cron is Running   
[2023-07-07 13:55:03] local.ERROR: route start  
[2023-07-07 13:55:03] local.ERROR: Start provider start  
[2023-07-07 13:56:01] local.ERROR: App provider start  
[2023-07-07 13:56:01] local.DEBUG: requested URL : https://newtaxi.seentechs.com/api/cron_request_car  
[2023-07-07 13:56:02] local.ERROR: route start  
[2023-07-07 13:56:02] local.ERROR: App provider start  
[2023-07-07 13:56:02] local.DEBUG: requested URL : https://newtaxi.seentechs.com/api/cron_offline  
[2023-07-07 13:56:02] local.ERROR: Start provider start  
[2023-07-07 13:56:02] local.INFO: Now Cron is Running   
[2023-07-07 13:56:02] local.ERROR: route start  
[2023-07-07 13:56:02] local.ERROR: Start provider start  
[2023-07-07 13:57:02] local.ERROR: App provider start  
[2023-07-07 13:57:02] local.DEBUG: requested URL : https://newtaxi.seentechs.com/api/cron_offline  
[2023-07-07 13:57:02] local.ERROR: App provider start  
[2023-07-07 13:57:02] local.DEBUG: requested URL : https://newtaxi.seentechs.com/api/cron_request_car  
[2023-07-07 13:57:03] local.ERROR: route start  
[2023-07-07 13:57:03] local.ERROR: Start provider start  
[2023-07-07 13:57:03] local.ERROR: route start  
[2023-07-07 13:57:03] local.ERROR: Start provider start  
[2023-07-07 13:57:03] local.INFO: Now Cron is Running   
[2023-07-07 13:58:01] local.ERROR: App provider start  
[2023-07-07 13:58:01] local.DEBUG: requested URL : https://newtaxi.seentechs.com/api/cron_request_car  
[2023-07-07 13:58:01] local.ERROR: App provider start  
[2023-07-07 13:58:01] local.DEBUG: requested URL : https://newtaxi.seentechs.com/api/cron_offline  
[2023-07-07 13:58:01] local.ERROR: route start  
[2023-07-07 13:58:02] local.ERROR: Start provider start  
[2023-07-07 13:58:02] local.ERROR: route start  
[2023-07-07 13:58:02] local.INFO: Now Cron is Running   
[2023-07-07 13:58:02] local.ERROR: Start provider start  
[2023-07-07 13:59:02] local.ERROR: App provider start  
[2023-07-07 13:59:02] local.DEBUG: requested URL : https://newtaxi.seentechs.com/api/cron_request_car  
[2023-07-07 13:59:02] local.ERROR: App provider start  
[2023-07-07 13:59:02] local.DEBUG: requested URL : https://newtaxi.seentechs.com/api/cron_offline  
[2023-07-07 13:59:02] local.ERROR: route start  
[2023-07-07 13:59:02] local.ERROR: route start  
[2023-07-07 13:59:02] local.ERROR: Start provider start  
[2023-07-07 13:59:03] local.ERROR: Start provider start  
[2023-07-07 13:59:03] local.INFO: Now Cron is Running   
[2023-07-07 14:00:02] local.ERROR: App provider start  
[2023-07-07 14:00:02] local.DEBUG: requested URL : https://newtaxi.seentechs.com/api/cron_request_car  
[2023-07-07 14:00:02] local.ERROR: App provider start  
[2023-07-07 14:00:02] local.DEBUG: requested URL : https://newtaxi.seentechs.com/api/cron_offline  
[2023-07-07 14:00:02] local.ERROR: route start  
[2023-07-07 14:00:03] local.ERROR: Start provider start  
[2023-07-07 14:00:03] local.ERROR: route start  
[2023-07-07 14:00:03] local.INFO: Now Cron is Running   
[2023-07-07 14:00:03] local.ERROR: Start provider start  
[2023-07-07 14:01:02] local.ERROR: App provider start  
[2023-07-07 14:01:02] local.ERROR: App provider start  
[2023-07-07 14:01:02] local.DEBUG: requested URL : https://newtaxi.seentechs.com/api/cron_offline  
[2023-07-07 14:01:02] local.DEBUG: requested URL : https://newtaxi.seentechs.com/api/cron_request_car  
[2023-07-07 14:01:02] local.ERROR: route start  
[2023-07-07 14:01:02] local.ERROR: route start  
[2023-07-07 14:01:02] local.ERROR: Start provider start  
[2023-07-07 14:01:02] local.ERROR: Start provider start  
[2023-07-07 14:01:02] local.INFO: Now Cron is Running   
[2023-07-07 14:02:02] local.ERROR: App provider start  
[2023-07-07 14:02:02] local.DEBUG: requested URL : https://newtaxi.seentechs.com/api/cron_request_car  
[2023-07-07 14:02:02] local.ERROR: App provider start  
[2023-07-07 14:02:03] local.DEBUG: requested URL : https://newtaxi.seentechs.com/api/cron_offline  
[2023-07-07 14:02:03] local.ERROR: route start  
[2023-07-07 14:02:03] local.ERROR: Start provider start  
[2023-07-07 14:02:03] local.ERROR: route start  
[2023-07-07 14:02:03] local.INFO: Now Cron is Running   
[2023-07-07 14:02:03] local.ERROR: Start provider start  
[2023-07-07 14:02:46] local.ERROR: App provider start  
[2023-07-07 14:02:46] local.DEBUG: requested URL : https://newtaxi.seentechs.com/api/check_version?device_type=2&user_type=rider&version=1.5  
[2023-07-07 14:02:46] local.ERROR: route start  
[2023-07-07 14:02:46] local.ERROR: Start provider start  
[2023-07-07 14:03:02] local.ERROR: App provider start  
[2023-07-07 14:03:02] local.DEBUG: requested URL : https://newtaxi.seentechs.com/api/cron_request_car  
[2023-07-07 14:03:02] local.ERROR: App provider start  
[2023-07-07 14:03:02] local.DEBUG: requested URL : https://newtaxi.seentechs.com/api/cron_offline  
[2023-07-07 14:03:03] local.ERROR: route start  
[2023-07-07 14:03:03] local.ERROR: Start provider start  
[2023-07-07 14:03:03] local.INFO: Now Cron is Running   
[2023-07-07 14:03:03] local.ERROR: route start  
[2023-07-07 14:03:03] local.ERROR: Start provider start  
[2023-07-07 14:03:41] local.ERROR: App provider start  
[2023-07-07 14:03:41] local.DEBUG: requested URL : https://newtaxi.seentechs.com/api/check_version?device_type=2&user_type=rider&version=1.5  
[2023-07-07 14:03:41] local.ERROR: route start  
[2023-07-07 14:03:41] local.ERROR: Start provider start  
[2023-07-07 14:04:02] local.ERROR: App provider start  
[2023-07-07 14:04:02] local.DEBUG: requested URL : https://newtaxi.seentechs.com/api/cron_request_car  
[2023-07-07 14:04:02] local.ERROR: App provider start  
[2023-07-07 14:04:02] local.DEBUG: requested URL : https://newtaxi.seentechs.com/api/cron_offline  
[2023-07-07 14:04:02] local.ERROR: route start  
[2023-07-07 14:04:02] local.ERROR: Start provider start  
[2023-07-07 14:04:02] local.ERROR: route start  
[2023-07-07 14:04:02] local.INFO: Now Cron is Running   
[2023-07-07 14:04:02] local.ERROR: Start provider start  
[2023-07-07 14:05:03] local.ERROR: App provider start  
[2023-07-07 14:05:03] local.DEBUG: requested URL : https://newtaxi.seentechs.com/api/cron_offline  
[2023-07-07 14:05:03] local.ERROR: App provider start  
[2023-07-07 14:05:03] local.DEBUG: requested URL : https://newtaxi.seentechs.com/api/cron_request_car  
[2023-07-07 14:05:03] local.ERROR: route start  
[2023-07-07 14:05:03] local.ERROR: route start  
[2023-07-07 14:05:03] local.ERROR: Start provider start  
[2023-07-07 14:05:04] local.ERROR: Start provider start  
[2023-07-07 14:05:04] local.INFO: Now Cron is Running   
[2023-07-07 14:06:02] local.ERROR: App provider start  
[2023-07-07 14:06:02] local.DEBUG: requested URL : https://newtaxi.seentechs.com/api/cron_request_car  
[2023-07-07 14:06:02] local.ERROR: App provider start  
[2023-07-07 14:06:02] local.DEBUG: requested URL : https://newtaxi.seentechs.com/api/cron_offline  
[2023-07-07 14:06:02] local.ERROR: route start  
[2023-07-07 14:06:02] local.ERROR: Start provider start  
[2023-07-07 14:06:02] local.ERROR: route start  
[2023-07-07 14:06:02] local.INFO: Now Cron is Running   
[2023-07-07 14:06:02] local.ERROR: Start provider start  
[2023-07-07 14:07:02] local.ERROR: App provider start  
[2023-07-07 14:07:02] local.DEBUG: requested URL : https://newtaxi.seentechs.com/api/cron_offline  
[2023-07-07 14:07:02] local.ERROR: App provider start  
[2023-07-07 14:07:02] local.DEBUG: requested URL : https://newtaxi.seentechs.com/api/cron_request_car  
[2023-07-07 14:07:02] local.ERROR: route start  
[2023-07-07 14:07:02] local.ERROR: Start provider start  
[2023-07-07 14:07:02] local.ERROR: route start  
[2023-07-07 14:07:02] local.ERROR: Start provider start  
[2023-07-07 14:07:02] local.INFO: Now Cron is Running   
[2023-07-07 14:08:02] local.ERROR: App provider start  
[2023-07-07 14:08:02] local.DEBUG: requested URL : https://newtaxi.seentechs.com/api/cron_offline  
[2023-07-07 14:08:02] local.ERROR: App provider start  
[2023-07-07 14:08:02] local.DEBUG: requested URL : https://newtaxi.seentechs.com/api/cron_request_car  
[2023-07-07 14:08:02] local.ERROR: route start  
[2023-07-07 14:08:02] local.ERROR: Start provider start  
[2023-07-07 14:08:02] local.ERROR: route start  
[2023-07-07 14:08:02] local.ERROR: Start provider start  
[2023-07-07 14:08:02] local.INFO: Now Cron is Running   
