#
# There is insufficient memory for the Java Runtime Environment to continue.
# Native memory allocation (mmap) failed to map 224395264 bytes for G1 virtual space
# Possible reasons:
#   The system is out of physical RAM or swap space
#   The process is running with CompressedOops enabled, and the Java Heap may be blocking the growth of the native heap
# Possible solutions:
#   Reduce memory load on the system
#   Increase physical memory or swap space
#   Check if swap backing store is full
#   Decrease Java heap size (-Xmx/-Xms)
#   Decrease number of Java threads
#   Decrease Java thread stack sizes (-Xss)
#   Set larger code cache with -XX:ReservedCodeCacheSize=
#   JVM is running with Zero Based Compressed Oops mode in which the Java heap is
#     placed in the first 32GB address space. The Java Heap base address is the
#     maximum limit for the native heap growth. Please use -XX:HeapBaseMinAddress
#     to set the Java Heap base and to place the Java Heap above 32GB virtual address.
# This output file may be truncated or incomplete.
#
#  Out of Memory Error (os_windows.cpp:3769), pid=23572, tid=17604
#
# JRE version: OpenJDK Runtime Environment (17.0.6) (build 17.0.6+0-b2043.56-9586694)
# Java VM: OpenJDK 64-Bit Server VM (17.0.6+0-b2043.56-9586694, mixed mode, tiered, compressed oops, compressed class ptrs, g1 gc, windows-amd64)
# No core dump will be written. Minidumps are not enabled by default on client versions of Windows
#

---------------  S U M M A R Y ------------

Command Line: org.jetbrains.kotlin.cli.jvm.K2JVMCompiler @E:\Desktop\do an\SG Taxi Files\Apps\Driver-App\app\build\20231124_3720105781208691206.compiler.options

Host: Intel(R) Core(TM) i5-9300H CPU @ 2.40GHz, 8 cores, 15G,  Windows 10 , 64 bit Build 19041 (10.0.19041.3570)
Time: Fri Nov 24 12:14:50 2023 Tomsk Standard Time elapsed time: 24.717620 seconds (0d 0h 0m 24s)

---------------  T H R E A D  ---------------

Current thread (0x000001fd0bc7d430):  VMThread "VM Thread" [stack: 0x0000006e30000000,0x0000006e30100000] [id=17604]

Stack: [0x0000006e30000000,0x0000006e30100000]
Native frames: (J=compiled Java code, j=interpreted, Vv=VM code, C=native code)
V  [jvm.dll+0x683b4a]
V  [jvm.dll+0x842654]
V  [jvm.dll+0x843dfe]
V  [jvm.dll+0x844463]
V  [jvm.dll+0x249b75]
V  [jvm.dll+0x680a19]
V  [jvm.dll+0x674f0a]
V  [jvm.dll+0x309acb]
V  [jvm.dll+0x310f86]
V  [jvm.dll+0x3608ee]
V  [jvm.dll+0x360b1f]
V  [jvm.dll+0x2dfbf8]
V  [jvm.dll+0x2ddec4]
V  [jvm.dll+0x2dd4cc]
V  [jvm.dll+0x321f3b]
V  [jvm.dll+0x84893b]
V  [jvm.dll+0x849674]
V  [jvm.dll+0x849b8d]
V  [jvm.dll+0x849f64]
V  [jvm.dll+0x84a030]
V  [jvm.dll+0x7f25fa]
V  [jvm.dll+0x682985]
C  [ucrtbase.dll+0x21bb2]
C  [KERNEL32.DLL+0x17344]
C  [ntdll.dll+0x526b1]

VM_Operation (0x0000006e2fafcf50): G1CollectForAllocation, mode: safepoint, requested by thread 0x000001fd6d1bab10


---------------  P R O C E S S  ---------------

Threads class SMR info:
_java_thread_list=0x000001fd13346b90, length=14, elements={
0x000001fd6d1bab10, 0x000001fd0bc7e8f0, 0x000001fd0c841b80, 0x000001fd0c88ea20,
0x000001fd0c88f4e0, 0x000001fd0c891db0, 0x000001fd0c892670, 0x000001fd0c8a8010,
0x000001fd0c8b0530, 0x000001fd0c8b3620, 0x000001fd0c9fac00, 0x000001fd0ca08140,
0x000001fd150ac410, 0x000001fd1332d090
}

Java Threads: ( => current thread )
  0x000001fd6d1bab10 JavaThread "main" [_thread_blocked, id=16560, stack(0x0000006e2fa00000,0x0000006e2fb00000)]
  0x000001fd0bc7e8f0 JavaThread "Reference Handler" daemon [_thread_blocked, id=19400, stack(0x0000006e30100000,0x0000006e30200000)]
  0x000001fd0c841b80 JavaThread "Finalizer" daemon [_thread_blocked, id=9860, stack(0x0000006e30200000,0x0000006e30300000)]
  0x000001fd0c88ea20 JavaThread "Signal Dispatcher" daemon [_thread_blocked, id=15256, stack(0x0000006e30300000,0x0000006e30400000)]
  0x000001fd0c88f4e0 JavaThread "Attach Listener" daemon [_thread_blocked, id=5324, stack(0x0000006e30400000,0x0000006e30500000)]
  0x000001fd0c891db0 JavaThread "Service Thread" daemon [_thread_blocked, id=25496, stack(0x0000006e30500000,0x0000006e30600000)]
  0x000001fd0c892670 JavaThread "Monitor Deflation Thread" daemon [_thread_blocked, id=24952, stack(0x0000006e30600000,0x0000006e30700000)]
  0x000001fd0c8a8010 JavaThread "C2 CompilerThread0" daemon [_thread_blocked, id=3468, stack(0x0000006e30700000,0x0000006e30800000)]
  0x000001fd0c8b0530 JavaThread "C1 CompilerThread0" daemon [_thread_blocked, id=17268, stack(0x0000006e30800000,0x0000006e30900000)]
  0x000001fd0c8b3620 JavaThread "Sweeper thread" daemon [_thread_blocked, id=18536, stack(0x0000006e30900000,0x0000006e30a00000)]
  0x000001fd0c9fac00 JavaThread "Notification Thread" daemon [_thread_blocked, id=25476, stack(0x0000006e30a00000,0x0000006e30b00000)]
  0x000001fd0ca08140 JavaThread "Common-Cleaner" daemon [_thread_blocked, id=5956, stack(0x0000006e30c00000,0x0000006e30d00000)]
  0x000001fd150ac410 JavaThread "C2 CompilerThread1" daemon [_thread_blocked, id=24724, stack(0x0000006e31200000,0x0000006e31300000)]
  0x000001fd1332d090 JavaThread "C2 CompilerThread2" daemon [_thread_blocked, id=24728, stack(0x0000006e31600000,0x0000006e31700000)]

Other Threads:
=>0x000001fd0bc7d430 VMThread "VM Thread" [stack: 0x0000006e30000000,0x0000006e30100000] [id=17604]
  0x000001fd6d255440 WatcherThread [stack: 0x0000006e30b00000,0x0000006e30c00000] [id=12244]
  0x000001fd6d22adb0 GCTaskThread "GC Thread#0" [stack: 0x0000006e2fb00000,0x0000006e2fc00000] [id=13468]
  0x000001fd0cf86ff0 GCTaskThread "GC Thread#1" [stack: 0x0000006e30d00000,0x0000006e30e00000] [id=17232]
  0x000001fd0cf872a0 GCTaskThread "GC Thread#2" [stack: 0x0000006e30e00000,0x0000006e30f00000] [id=9728]
  0x000001fd0cf87550 GCTaskThread "GC Thread#3" [stack: 0x0000006e30f00000,0x0000006e31000000] [id=11492]
  0x000001fd0cf87800 GCTaskThread "GC Thread#4" [stack: 0x0000006e31000000,0x0000006e31100000] [id=18156]
  0x000001fd0cf87ab0 GCTaskThread "GC Thread#5" [stack: 0x0000006e31100000,0x0000006e31200000] [id=4196]
  0x000001fd0de0e6b0 GCTaskThread "GC Thread#6" [stack: 0x0000006e31300000,0x0000006e31400000] [id=16720]
  0x000001fd0de0d940 GCTaskThread "GC Thread#7" [stack: 0x0000006e31400000,0x0000006e31500000] [id=1672]
  0x000001fd6d23caa0 ConcurrentGCThread "G1 Main Marker" [stack: 0x0000006e2fc00000,0x0000006e2fd00000] [id=25448]
  0x000001fd6d23db60 ConcurrentGCThread "G1 Conc#0" [stack: 0x0000006e2fd00000,0x0000006e2fe00000] [id=18112]
  0x000001fd0de0dbf0 ConcurrentGCThread "G1 Conc#1" [stack: 0x0000006e31500000,0x0000006e31600000] [id=24372]
  0x000001fd6d28eb90 ConcurrentGCThread "G1 Refine#0" [stack: 0x0000006e2fe00000,0x0000006e2ff00000] [id=15452]
  0x000001fd11eafe80 ConcurrentGCThread "G1 Refine#1" [stack: 0x0000006e31700000,0x0000006e31800000] [id=14796]
  0x000001fd11eb0160 ConcurrentGCThread "G1 Refine#2" [stack: 0x0000006e31800000,0x0000006e31900000] [id=16464]
  0x000001fd11eae780 ConcurrentGCThread "G1 Refine#3" [stack: 0x0000006e31900000,0x0000006e31a00000] [id=25460]
  0x000001fd11eb0440 ConcurrentGCThread "G1 Refine#4" [stack: 0x0000006e31a00000,0x0000006e31b00000] [id=11116]
  0x000001fd0bb16a40 ConcurrentGCThread "G1 Service" [stack: 0x0000006e2ff00000,0x0000006e30000000] [id=18064]

Threads with active compile tasks:
C2 CompilerThread0    24738 14629       4       org.jetbrains.kotlin.resolve.calls.tower.TowerResolver::processTowerData (97 bytes)
C2 CompilerThread1    24738 14646       4       org.jetbrains.kotlin.resolve.calls.tower.TowerResolver$Task::process (42 bytes)
C2 CompilerThread2    24738 14690       4       org.jetbrains.kotlin.serialization.deserialization.descriptors.DeserializedPackageMemberScope::hasClass (116 bytes)

VM state: at safepoint (normal execution)

VM Mutex/Monitor currently owned by a thread:  ([mutex/lock_event])
[0x000001fd6d1b6ed0] Threads_lock - owner thread: 0x000001fd0bc7d430
[0x000001fd6d1b71a0] Heap_lock - owner thread: 0x000001fd6d1bab10

Heap address: 0x0000000701600000, size: 4074 MB, Compressed Oops mode: Zero based, Oop shift amount: 3

CDS archive(s) not mapped
Compressed class space mapped at: 0x0000000800000000-0x0000000840000000, reserved size: 1073741824
Narrow klass base: 0x0000000800000000, Narrow klass shift: 0, Narrow klass range: 0x40000000

GC Precious Log:
 CPUs: 8 total, 8 available
 Memory: 16295M
 Large Page Support: Disabled
 NUMA Support: Disabled
 Compressed Oops: Enabled (Zero based)
 Heap Region Size: 2M
 Heap Min Capacity: 8M
 Heap Initial Capacity: 256M
 Heap Max Capacity: 4074M
 Pre-touch: Disabled
 Parallel Workers: 8
 Concurrent Workers: 2
 Concurrent Refinement Workers: 8
 Periodic GC: Disabled

Heap:
 garbage-first heap   total 262144K, used 164376K [0x0000000701600000, 0x0000000800000000)
  region size 2048K, 4 young (8192K), 4 survivors (8192K)
 Metaspace       used 72689K, committed 73088K, reserved 1114112K
  class space    used 8279K, committed 8448K, reserved 1048576K

Heap Regions: E=young(eden), S=young(survivor), O=old, HS=humongous(starts), HC=humongous(continues), CS=collection set, F=free, OA=open archive, CA=closed archive, TAMS=top-at-mark-start (previous, next)
|   0|0x0000000701600000, 0x0000000701800000, 0x0000000701800000|100%|HS|  |TAMS 0x0000000701800000, 0x0000000701600000| Complete 
|   1|0x0000000701800000, 0x0000000701a00000, 0x0000000701a00000|100%|HC|  |TAMS 0x0000000701a00000, 0x0000000701800000| Complete 
|   2|0x0000000701a00000, 0x0000000701c00000, 0x0000000701c00000|100%| O|  |TAMS 0x0000000701c00000, 0x0000000701a00000| Untracked 
|   3|0x0000000701c00000, 0x0000000701e00000, 0x0000000701e00000|100%| O|  |TAMS 0x0000000701e00000, 0x0000000701c00000| Untracked 
|   4|0x0000000701e00000, 0x0000000702000000, 0x0000000702000000|100%|HS|  |TAMS 0x0000000702000000, 0x0000000701e00000| Complete 
|   5|0x0000000702000000, 0x0000000702200000, 0x0000000702200000|100%|HC|  |TAMS 0x0000000702200000, 0x0000000702000000| Complete 
|   6|0x0000000702200000, 0x0000000702400000, 0x0000000702400000|100%| O|  |TAMS 0x0000000702400000, 0x0000000702200000| Untracked 
|   7|0x0000000702400000, 0x0000000702600000, 0x0000000702600000|100%| O|  |TAMS 0x0000000702600000, 0x0000000702400000| Untracked 
|   8|0x0000000702600000, 0x0000000702800000, 0x0000000702800000|100%| O|  |TAMS 0x0000000702800000, 0x0000000702600000| Untracked 
|   9|0x0000000702800000, 0x0000000702a00000, 0x0000000702a00000|100%| O|  |TAMS 0x0000000702a00000, 0x0000000702800000| Untracked 
|  10|0x0000000702a00000, 0x0000000702c00000, 0x0000000702c00000|100%| O|  |TAMS 0x0000000702c00000, 0x0000000702a00000| Untracked 
|  11|0x0000000702c00000, 0x0000000702e00000, 0x0000000702e00000|100%| O|  |TAMS 0x0000000702e00000, 0x0000000702c00000| Untracked 
|  12|0x0000000702e00000, 0x0000000703000000, 0x0000000703000000|100%| O|  |TAMS 0x0000000703000000, 0x0000000702e00000| Untracked 
|  13|0x0000000703000000, 0x0000000703200000, 0x0000000703200000|100%| O|  |TAMS 0x0000000703200000, 0x0000000703000000| Untracked 
|  14|0x0000000703200000, 0x0000000703400000, 0x0000000703400000|100%| O|  |TAMS 0x0000000703400000, 0x0000000703200000| Untracked 
|  15|0x0000000703400000, 0x0000000703600000, 0x0000000703600000|100%| O|  |TAMS 0x0000000703600000, 0x0000000703400000| Untracked 
|  16|0x0000000703600000, 0x0000000703800000, 0x0000000703800000|100%| O|  |TAMS 0x0000000703800000, 0x0000000703600000| Untracked 
|  17|0x0000000703800000, 0x0000000703a00000, 0x0000000703a00000|100%| O|  |TAMS 0x0000000703a00000, 0x0000000703800000| Untracked 
|  18|0x0000000703a00000, 0x0000000703c00000, 0x0000000703c00000|100%| O|  |TAMS 0x0000000703c00000, 0x0000000703a00000| Untracked 
|  19|0x0000000703c00000, 0x0000000703e00000, 0x0000000703e00000|100%| O|  |TAMS 0x0000000703e00000, 0x0000000703c00000| Untracked 
|  20|0x0000000703e00000, 0x0000000704000000, 0x0000000704000000|100%|HS|  |TAMS 0x0000000704000000, 0x0000000703e00000| Complete 
|  21|0x0000000704000000, 0x0000000704200000, 0x0000000704200000|100%| O|  |TAMS 0x0000000704200000, 0x0000000704000000| Untracked 
|  22|0x0000000704200000, 0x0000000704400000, 0x0000000704400000|100%| O|  |TAMS 0x0000000704400000, 0x0000000704200000| Untracked 
|  23|0x0000000704400000, 0x0000000704600000, 0x0000000704600000|100%| O|  |TAMS 0x0000000704600000, 0x0000000704400000| Untracked 
|  24|0x0000000704600000, 0x0000000704800000, 0x0000000704800000|100%| O|  |TAMS 0x0000000704800000, 0x0000000704600000| Untracked 
|  25|0x0000000704800000, 0x0000000704a00000, 0x0000000704a00000|100%| O|  |TAMS 0x0000000704a00000, 0x0000000704800000| Untracked 
|  26|0x0000000704a00000, 0x0000000704c00000, 0x0000000704c00000|100%| O|  |TAMS 0x0000000704c00000, 0x0000000704a00000| Untracked 
|  27|0x0000000704c00000, 0x0000000704e00000, 0x0000000704e00000|100%| O|  |TAMS 0x0000000704e00000, 0x0000000704c00000| Untracked 
|  28|0x0000000704e00000, 0x0000000705000000, 0x0000000705000000|100%|HS|  |TAMS 0x0000000705000000, 0x0000000704e00000| Complete 
|  29|0x0000000705000000, 0x0000000705200000, 0x0000000705200000|100%| O|  |TAMS 0x0000000705200000, 0x0000000705000000| Untracked 
|  30|0x0000000705200000, 0x0000000705400000, 0x0000000705400000|100%| O|  |TAMS 0x0000000705400000, 0x0000000705200000| Untracked 
|  31|0x0000000705400000, 0x0000000705600000, 0x0000000705600000|100%| O|  |TAMS 0x0000000705600000, 0x0000000705400000| Untracked 
|  32|0x0000000705600000, 0x0000000705800000, 0x0000000705800000|100%| O|  |TAMS 0x0000000705800000, 0x0000000705600000| Untracked 
|  33|0x0000000705800000, 0x0000000705a00000, 0x0000000705a00000|100%| O|  |TAMS 0x0000000705a00000, 0x0000000705800000| Untracked 
|  34|0x0000000705a00000, 0x0000000705c00000, 0x0000000705c00000|100%| O|  |TAMS 0x0000000705c00000, 0x0000000705a00000| Untracked 
|  35|0x0000000705c00000, 0x0000000705e00000, 0x0000000705e00000|100%| O|  |TAMS 0x0000000705e00000, 0x0000000705c00000| Untracked 
|  36|0x0000000705e00000, 0x0000000706000000, 0x0000000706000000|100%| O|  |TAMS 0x0000000706000000, 0x0000000705e00000| Untracked 
|  37|0x0000000706000000, 0x0000000706200000, 0x0000000706200000|100%| O|  |TAMS 0x0000000706200000, 0x0000000706000000| Untracked 
|  38|0x0000000706200000, 0x0000000706400000, 0x0000000706400000|100%| O|  |TAMS 0x0000000706200000, 0x0000000706200000| Untracked 
|  39|0x0000000706400000, 0x0000000706600000, 0x0000000706600000|100%| O|  |TAMS 0x0000000706600000, 0x0000000706400000| Untracked 
|  40|0x0000000706600000, 0x0000000706800000, 0x0000000706800000|100%| O|  |TAMS 0x0000000706800000, 0x0000000706600000| Untracked 
|  41|0x0000000706800000, 0x0000000706a00000, 0x0000000706a00000|100%| O|  |TAMS 0x0000000706a00000, 0x0000000706800000| Untracked 
|  42|0x0000000706a00000, 0x0000000706c00000, 0x0000000706c00000|100%| O|  |TAMS 0x0000000706c00000, 0x0000000706a00000| Untracked 
|  43|0x0000000706c00000, 0x0000000706e00000, 0x0000000706e00000|100%| O|  |TAMS 0x0000000706e00000, 0x0000000706c00000| Untracked 
|  44|0x0000000706e00000, 0x0000000707000000, 0x0000000707000000|100%| O|  |TAMS 0x0000000707000000, 0x0000000706e00000| Untracked 
|  45|0x0000000707000000, 0x0000000707200000, 0x0000000707200000|100%| O|  |TAMS 0x0000000707200000, 0x0000000707000000| Untracked 
|  46|0x0000000707200000, 0x0000000707400000, 0x0000000707400000|100%| O|  |TAMS 0x0000000707400000, 0x0000000707200000| Untracked 
|  47|0x0000000707400000, 0x0000000707600000, 0x0000000707600000|100%| O|  |TAMS 0x0000000707600000, 0x0000000707400000| Untracked 
|  48|0x0000000707600000, 0x0000000707800000, 0x0000000707800000|100%| O|  |TAMS 0x0000000707800000, 0x0000000707600000| Untracked 
|  49|0x0000000707800000, 0x0000000707a00000, 0x0000000707a00000|100%| O|  |TAMS 0x0000000707a00000, 0x0000000707800000| Untracked 
|  50|0x0000000707a00000, 0x0000000707c00000, 0x0000000707c00000|100%| O|  |TAMS 0x0000000707c00000, 0x0000000707a00000| Untracked 
|  51|0x0000000707c00000, 0x0000000707e00000, 0x0000000707e00000|100%| O|  |TAMS 0x0000000707e00000, 0x0000000707c00000| Untracked 
|  52|0x0000000707e00000, 0x0000000708000000, 0x0000000708000000|100%| O|  |TAMS 0x0000000708000000, 0x0000000707e00000| Untracked 
|  53|0x0000000708000000, 0x0000000708200000, 0x0000000708200000|100%| O|  |TAMS 0x0000000708200000, 0x0000000708000000| Untracked 
|  54|0x0000000708200000, 0x0000000708400000, 0x0000000708400000|100%| O|  |TAMS 0x0000000708200000, 0x0000000708200000| Untracked 
|  55|0x0000000708400000, 0x0000000708600000, 0x0000000708600000|100%| O|  |TAMS 0x0000000708600000, 0x0000000708400000| Untracked 
|  56|0x0000000708600000, 0x0000000708800000, 0x0000000708800000|100%| O|  |TAMS 0x0000000708800000, 0x0000000708600000| Untracked 
|  57|0x0000000708800000, 0x0000000708a00000, 0x0000000708a00000|100%| O|  |TAMS 0x0000000708a00000, 0x0000000708800000| Untracked 
|  58|0x0000000708a00000, 0x0000000708c00000, 0x0000000708c00000|100%| O|  |TAMS 0x0000000708c00000, 0x0000000708a00000| Untracked 
|  59|0x0000000708c00000, 0x0000000708e00000, 0x0000000708e00000|100%| O|  |TAMS 0x0000000708e00000, 0x0000000708c00000| Untracked 
|  60|0x0000000708e00000, 0x0000000709000000, 0x0000000709000000|100%| O|  |TAMS 0x0000000709000000, 0x0000000708e00000| Untracked 
|  61|0x0000000709000000, 0x0000000709200000, 0x0000000709200000|100%| O|  |TAMS 0x0000000709135a00, 0x0000000709000000| Untracked 
|  62|0x0000000709200000, 0x0000000709400000, 0x0000000709400000|100%| O|  |TAMS 0x0000000709200000, 0x0000000709200000| Untracked 
|  63|0x0000000709400000, 0x0000000709600000, 0x0000000709600000|100%| O|  |TAMS 0x0000000709400000, 0x0000000709400000| Untracked 
|  64|0x0000000709600000, 0x0000000709800000, 0x0000000709800000|100%| O|  |TAMS 0x0000000709600000, 0x0000000709600000| Untracked 
|  65|0x0000000709800000, 0x0000000709a00000, 0x0000000709a00000|100%| O|  |TAMS 0x0000000709800000, 0x0000000709800000| Untracked 
|  66|0x0000000709a00000, 0x0000000709c00000, 0x0000000709c00000|100%| O|  |TAMS 0x0000000709a00000, 0x0000000709a00000| Untracked 
|  67|0x0000000709c00000, 0x0000000709e00000, 0x0000000709e00000|100%| O|  |TAMS 0x0000000709c00000, 0x0000000709c00000| Untracked 
|  68|0x0000000709e00000, 0x000000070a000000, 0x000000070a000000|100%| O|  |TAMS 0x0000000709e00000, 0x0000000709e00000| Untracked 
|  69|0x000000070a000000, 0x000000070a200000, 0x000000070a200000|100%| O|  |TAMS 0x000000070a000000, 0x000000070a000000| Untracked 
|  70|0x000000070a200000, 0x000000070a400000, 0x000000070a400000|100%| O|  |TAMS 0x000000070a200000, 0x000000070a200000| Untracked 
|  71|0x000000070a400000, 0x000000070a600000, 0x000000070a600000|100%| O|  |TAMS 0x000000070a400000, 0x000000070a400000| Untracked 
|  72|0x000000070a600000, 0x000000070a800000, 0x000000070a800000|100%| O|  |TAMS 0x000000070a600000, 0x000000070a600000| Untracked 
|  73|0x000000070a800000, 0x000000070aa00000, 0x000000070aa00000|100%| O|  |TAMS 0x000000070a800000, 0x000000070a800000| Untracked 
|  74|0x000000070aa00000, 0x000000070ac00000, 0x000000070ac00000|100%| O|  |TAMS 0x000000070aa00000, 0x000000070aa00000| Untracked 
|  75|0x000000070ac00000, 0x000000070ae00000, 0x000000070ae00000|100%| O|  |TAMS 0x000000070ac00000, 0x000000070ac00000| Untracked 
|  76|0x000000070ae00000, 0x000000070ae86200, 0x000000070b000000| 26%| O|  |TAMS 0x000000070ae00000, 0x000000070ae00000| Untracked 
|  77|0x000000070b000000, 0x000000070b000000, 0x000000070b200000|  0%| F|  |TAMS 0x000000070b000000, 0x000000070b000000| Untracked 
|  78|0x000000070b200000, 0x000000070b200000, 0x000000070b400000|  0%| F|  |TAMS 0x000000070b200000, 0x000000070b200000| Untracked 
|  79|0x000000070b400000, 0x000000070b400000, 0x000000070b600000|  0%| F|  |TAMS 0x000000070b400000, 0x000000070b400000| Untracked 
|  80|0x000000070b600000, 0x000000070b600000, 0x000000070b800000|  0%| F|  |TAMS 0x000000070b600000, 0x000000070b600000| Untracked 
|  81|0x000000070b800000, 0x000000070b800000, 0x000000070ba00000|  0%| F|  |TAMS 0x000000070b800000, 0x000000070b800000| Untracked 
|  82|0x000000070ba00000, 0x000000070ba00000, 0x000000070bc00000|  0%| F|  |TAMS 0x000000070ba00000, 0x000000070ba00000| Untracked 
|  83|0x000000070bc00000, 0x000000070bc00000, 0x000000070be00000|  0%| F|  |TAMS 0x000000070bc00000, 0x000000070bc00000| Untracked 
|  84|0x000000070be00000, 0x000000070be00000, 0x000000070c000000|  0%| F|  |TAMS 0x000000070be00000, 0x000000070be00000| Untracked 
|  85|0x000000070c000000, 0x000000070c000000, 0x000000070c200000|  0%| F|  |TAMS 0x000000070c000000, 0x000000070c000000| Untracked 
|  86|0x000000070c200000, 0x000000070c200000, 0x000000070c400000|  0%| F|  |TAMS 0x000000070c200000, 0x000000070c200000| Untracked 
|  87|0x000000070c400000, 0x000000070c400000, 0x000000070c600000|  0%| F|  |TAMS 0x000000070c400000, 0x000000070c400000| Untracked 
|  88|0x000000070c600000, 0x000000070c600000, 0x000000070c800000|  0%| F|  |TAMS 0x000000070c600000, 0x000000070c600000| Untracked 
|  89|0x000000070c800000, 0x000000070c800000, 0x000000070ca00000|  0%| F|  |TAMS 0x000000070c800000, 0x000000070c800000| Untracked 
|  90|0x000000070ca00000, 0x000000070ca00000, 0x000000070cc00000|  0%| F|  |TAMS 0x000000070ca00000, 0x000000070ca00000| Untracked 
|  91|0x000000070cc00000, 0x000000070cc00000, 0x000000070ce00000|  0%| F|  |TAMS 0x000000070cc00000, 0x000000070cc00000| Untracked 
|  92|0x000000070ce00000, 0x000000070ce00000, 0x000000070d000000|  0%| F|  |TAMS 0x000000070ce00000, 0x000000070ce00000| Untracked 
|  93|0x000000070d000000, 0x000000070d000000, 0x000000070d200000|  0%| F|  |TAMS 0x000000070d000000, 0x000000070d000000| Untracked 
|  94|0x000000070d200000, 0x000000070d200000, 0x000000070d400000|  0%| F|  |TAMS 0x000000070d200000, 0x000000070d200000| Untracked 
|  95|0x000000070d400000, 0x000000070d400000, 0x000000070d600000|  0%| F|  |TAMS 0x000000070d400000, 0x000000070d400000| Untracked 
|  96|0x000000070d600000, 0x000000070d800000, 0x000000070d800000|100%| S|CS|TAMS 0x000000070d600000, 0x000000070d600000| Complete 
|  97|0x000000070d800000, 0x000000070da00000, 0x000000070da00000|100%| S|CS|TAMS 0x000000070d800000, 0x000000070d800000| Complete 
|  98|0x000000070da00000, 0x000000070dc00000, 0x000000070dc00000|100%| S|CS|TAMS 0x000000070da00000, 0x000000070da00000| Complete 
|  99|0x000000070dc00000, 0x000000070de00000, 0x000000070de00000|100%| S|CS|TAMS 0x000000070dc00000, 0x000000070dc00000| Complete 
| 100|0x000000070de00000, 0x000000070de00000, 0x000000070e000000|  0%| F|  |TAMS 0x000000070de00000, 0x000000070de00000| Untracked 
| 101|0x000000070e000000, 0x000000070e000000, 0x000000070e200000|  0%| F|  |TAMS 0x000000070e000000, 0x000000070e000000| Untracked 
| 102|0x000000070e200000, 0x000000070e200000, 0x000000070e400000|  0%| F|  |TAMS 0x000000070e200000, 0x000000070e200000| Untracked 
| 103|0x000000070e400000, 0x000000070e400000, 0x000000070e600000|  0%| F|  |TAMS 0x000000070e400000, 0x000000070e400000| Untracked 
| 104|0x000000070e600000, 0x000000070e600000, 0x000000070e800000|  0%| F|  |TAMS 0x000000070e600000, 0x000000070e600000| Untracked 
| 105|0x000000070e800000, 0x000000070e800000, 0x000000070ea00000|  0%| F|  |TAMS 0x000000070e800000, 0x000000070e800000| Untracked 
| 106|0x000000070ea00000, 0x000000070ea00000, 0x000000070ec00000|  0%| F|  |TAMS 0x000000070ea00000, 0x000000070ea00000| Untracked 
| 107|0x000000070ec00000, 0x000000070ec00000, 0x000000070ee00000|  0%| F|  |TAMS 0x000000070ec00000, 0x000000070ec00000| Untracked 
| 108|0x000000070ee00000, 0x000000070ee00000, 0x000000070f000000|  0%| F|  |TAMS 0x000000070ee00000, 0x000000070ee00000| Untracked 
| 109|0x000000070f000000, 0x000000070f000000, 0x000000070f200000|  0%| F|  |TAMS 0x000000070f000000, 0x000000070f000000| Untracked 
| 110|0x000000070f200000, 0x000000070f200000, 0x000000070f400000|  0%| F|  |TAMS 0x000000070f200000, 0x000000070f200000| Untracked 
| 111|0x000000070f400000, 0x000000070f400000, 0x000000070f600000|  0%| F|  |TAMS 0x000000070f400000, 0x000000070f400000| Untracked 
| 112|0x000000070f600000, 0x000000070f600000, 0x000000070f800000|  0%| F|  |TAMS 0x000000070f600000, 0x000000070f600000| Untracked 
| 113|0x000000070f800000, 0x000000070f800000, 0x000000070fa00000|  0%| F|  |TAMS 0x000000070f800000, 0x000000070f800000| Untracked 
| 114|0x000000070fa00000, 0x000000070fa00000, 0x000000070fc00000|  0%| F|  |TAMS 0x000000070fa00000, 0x000000070fa00000| Untracked 
| 115|0x000000070fc00000, 0x000000070fc00000, 0x000000070fe00000|  0%| F|  |TAMS 0x000000070fc00000, 0x000000070fc00000| Untracked 
| 116|0x000000070fe00000, 0x000000070fe00000, 0x0000000710000000|  0%| F|  |TAMS 0x000000070fe00000, 0x000000070fe00000| Untracked 
| 117|0x0000000710000000, 0x0000000710000000, 0x0000000710200000|  0%| F|  |TAMS 0x0000000710000000, 0x0000000710000000| Untracked 
| 118|0x0000000710200000, 0x0000000710200000, 0x0000000710400000|  0%| F|  |TAMS 0x0000000710200000, 0x0000000710200000| Untracked 
| 119|0x0000000710400000, 0x0000000710400000, 0x0000000710600000|  0%| F|  |TAMS 0x0000000710400000, 0x0000000710400000| Untracked 
| 120|0x0000000710600000, 0x0000000710600000, 0x0000000710800000|  0%| F|  |TAMS 0x0000000710600000, 0x0000000710600000| Untracked 
| 121|0x0000000710800000, 0x0000000710800000, 0x0000000710a00000|  0%| F|  |TAMS 0x0000000710800000, 0x0000000710800000| Untracked 
| 122|0x0000000710a00000, 0x0000000710a00000, 0x0000000710c00000|  0%| F|  |TAMS 0x0000000710a00000, 0x0000000710a00000| Untracked 
| 123|0x0000000710c00000, 0x0000000710c00000, 0x0000000710e00000|  0%| F|  |TAMS 0x0000000710c00000, 0x0000000710c00000| Untracked 
| 124|0x0000000710e00000, 0x0000000710e00000, 0x0000000711000000|  0%| F|  |TAMS 0x0000000710e00000, 0x0000000710e00000| Untracked 
| 125|0x0000000711000000, 0x0000000711000000, 0x0000000711200000|  0%| F|  |TAMS 0x0000000711000000, 0x0000000711000000| Untracked 
| 126|0x0000000711200000, 0x0000000711200000, 0x0000000711400000|  0%| F|  |TAMS 0x0000000711200000, 0x0000000711200000| Untracked 
| 127|0x0000000711400000, 0x0000000711400000, 0x0000000711600000|  0%| F|  |TAMS 0x0000000711400000, 0x0000000711400000| Untracked 

Card table byte_map: [0x000001fd00800000,0x000001fd01000000] _byte_map_base: 0x000001fcfcff5000

Marking Bits (Prev, Next): (CMBitMap*) 0x000001fd6d22c2e0, (CMBitMap*) 0x000001fd6d22c320
 Prev Bits: [0x000001fd01800000, 0x000001fd057a8000)
 Next Bits: [0x000001fd057b0000, 0x000001fd09758000)

Polling page: 0x000001fd6b0a0000

Metaspace:

Usage:
  Non-class:     62.90 MB used.
      Class:      8.09 MB used.
       Both:     70.99 MB used.

Virtual space:
  Non-class space:       64.00 MB reserved,      63.12 MB ( 99%) committed,  8 nodes.
      Class space:        1.00 GB reserved,       8.25 MB ( <1%) committed,  1 nodes.
             Both:        1.06 GB reserved,      71.38 MB (  7%) committed. 

Chunk freelists:
   Non-Class:  752.00 KB
       Class:  3.73 MB
        Both:  4.47 MB

MaxMetaspaceSize: unlimited
CompressedClassSpaceSize: 1.00 GB
Initial GC threshold: 21.00 MB
Current GC threshold: 117.31 MB
CDS: off
MetaspaceReclaimPolicy: balanced
 - commit_granule_bytes: 65536.
 - commit_granule_words: 8192.
 - virtual_space_node_default_size: 1048576.
 - enlarge_chunks_in_place: 1.
 - new_chunks_are_fully_committed: 0.
 - uncommit_free_chunks: 1.
 - use_allocation_guard: 0.
 - handle_deallocations: 1.


Internal statistics:

num_allocs_failed_limit: 9.
num_arena_births: 362.
num_arena_deaths: 0.
num_vsnodes_births: 9.
num_vsnodes_deaths: 0.
num_space_committed: 1140.
num_space_uncommitted: 0.
num_chunks_returned_to_freelist: 9.
num_chunks_taken_from_freelist: 2743.
num_chunk_merges: 9.
num_chunk_splits: 2095.
num_chunks_enlarged: 1775.
num_purges: 0.
num_inconsistent_stats: 0.

CodeHeap 'non-profiled nmethods': size=120000Kb used=8938Kb max_used=8938Kb free=111061Kb
 bounds [0x000001fd78160000, 0x000001fd78a20000, 0x000001fd7f690000]
CodeHeap 'profiled nmethods': size=120000Kb used=33778Kb max_used=33778Kb free=86221Kb
 bounds [0x000001fd70690000, 0x000001fd727f0000, 0x000001fd77bc0000]
CodeHeap 'non-nmethods': size=5760Kb used=1315Kb max_used=1439Kb free=4444Kb
 bounds [0x000001fd77bc0000, 0x000001fd77e30000, 0x000001fd78160000]
 total_blobs=12202 nmethods=11571 adapters=541
 compilation: enabled
              stopped_count=0, restarted_count=0
 full_count=0

Compilation events (20 events):
Event: 24.652 Thread 0x000001fd0c8b0530 nmethod 14681 0x000001fd71d8e510 code [0x000001fd71d8e6c0, 0x000001fd71d8e8f8]
Event: 24.652 Thread 0x000001fd1332d090 14649       4       org.jetbrains.kotlin.types.IndexedParametersSubstitution::get (90 bytes)
Event: 24.661 Thread 0x000001fd0c8b0530 14682       1       org.jetbrains.kotlin.resolve.calls.inference.model.TypeVariableTypeConstructor::isDenotable (2 bytes)
Event: 24.661 Thread 0x000001fd0c8b0530 nmethod 14682 0x000001fd78a16410 code [0x000001fd78a165a0, 0x000001fd78a16678]
Event: 24.662 Thread 0x000001fd0c8b0530 14683       3       org.jetbrains.kotlin.resolve.calls.checkers.ReifiedTypeParameterSubstitutionChecker::isTypeParameterOfKotlinArray (38 bytes)
Event: 24.663 Thread 0x000001fd0c8b0530 nmethod 14683 0x000001fd717b5290 code [0x000001fd717b5480, 0x000001fd717b5a78]
Event: 24.665 Thread 0x000001fd0c8b0530 14684       3       org.jetbrains.kotlin.resolve.calls.components.candidate.SimpleResolutionCandidate::addResolvedKtPrimitive (18 bytes)
Event: 24.666 Thread 0x000001fd0c8b0530 nmethod 14684 0x000001fd711baf10 code [0x000001fd711bb120, 0x000001fd711bb7a8]
Event: 24.677 Thread 0x000001fd0c8b0530 14685       3       com.sun.org.apache.xerces.internal.impl.XMLEntityManager$RewindableInputStream::readAndBuffer (97 bytes)
Event: 24.677 Thread 0x000001fd0c8b0530 nmethod 14685 0x000001fd70dbaf90 code [0x000001fd70dbb160, 0x000001fd70dbb5f8]
Event: 24.677 Thread 0x000001fd0c8b0530 14686       3       com.sun.org.apache.xerces.internal.parsers.AbstractSAXParser::startNamespaceMapping (77 bytes)
Event: 24.678 Thread 0x000001fd0c8b0530 nmethod 14686 0x000001fd717b8510 code [0x000001fd717b8700, 0x000001fd717b8d28]
Event: 24.678 Thread 0x000001fd0c8b0530 14688       3       com.sun.org.apache.xerces.internal.parsers.AbstractSAXParser::endNamespaceMapping (47 bytes)
Event: 24.678 Thread 0x000001fd0c8b0530 nmethod 14688 0x000001fd707a1490 code [0x000001fd707a1660, 0x000001fd707a1b98]
Event: 24.678 Thread 0x000001fd0c8b0530 14687       3       org.jetbrains.kotlin.android.synthetic.AndroidXmlHandler::endElement (13 bytes)
Event: 24.679 Thread 0x000001fd0c8b0530 nmethod 14687 0x000001fd711f4790 code [0x000001fd711f4a20, 0x000001fd711f5458]
Event: 24.686 Thread 0x000001fd1332d090 nmethod 14649 0x000001fd78a16710 code [0x000001fd78a16a80, 0x000001fd78a18a70]
Event: 24.686 Thread 0x000001fd1332d090 14641       4       org.jetbrains.kotlin.psi.KtQualifiedExpression$DefaultImpls::getReceiverExpression (44 bytes)
Event: 24.697 Thread 0x000001fd1332d090 nmethod 14641 0x000001fd78a19b10 code [0x000001fd78a19d00, 0x000001fd78a1a2c8]
Event: 24.698 Thread 0x000001fd1332d090 14690       4       org.jetbrains.kotlin.serialization.deserialization.descriptors.DeserializedPackageMemberScope::hasClass (116 bytes)

GC Heap History (20 events):
Event: 12.438 GC heap after
{Heap after GC invocations=18 (full 0):
 garbage-first heap   total 190464K, used 97119K [0x0000000701600000, 0x0000000800000000)
  region size 2048K, 4 young (8192K), 4 survivors (8192K)
 Metaspace       used 64932K, committed 65280K, reserved 1114112K
  class space    used 7482K, committed 7616K, reserved 1048576K
}
Event: 13.856 GC heap before
{Heap before GC invocations=18 (full 0):
 garbage-first heap   total 190464K, used 144223K [0x0000000701600000, 0x0000000800000000)
  region size 2048K, 27 young (55296K), 4 survivors (8192K)
 Metaspace       used 66159K, committed 66496K, reserved 1114112K
  class space    used 7603K, committed 7744K, reserved 1048576K
}
Event: 13.876 GC heap after
{Heap after GC invocations=19 (full 0):
 garbage-first heap   total 190464K, used 104629K [0x0000000701600000, 0x0000000800000000)
  region size 2048K, 4 young (8192K), 4 survivors (8192K)
 Metaspace       used 66159K, committed 66496K, reserved 1114112K
  class space    used 7603K, committed 7744K, reserved 1048576K
}
Event: 15.644 GC heap before
{Heap before GC invocations=20 (full 0):
 garbage-first heap   total 190464K, used 147637K [0x0000000701600000, 0x0000000800000000)
  region size 2048K, 25 young (51200K), 4 survivors (8192K)
 Metaspace       used 67860K, committed 68160K, reserved 1114112K
  class space    used 7762K, committed 7936K, reserved 1048576K
}
Event: 15.661 GC heap after
{Heap after GC invocations=21 (full 0):
 garbage-first heap   total 190464K, used 112366K [0x0000000701600000, 0x0000000800000000)
  region size 2048K, 4 young (8192K), 4 survivors (8192K)
 Metaspace       used 67860K, committed 68160K, reserved 1114112K
  class space    used 7762K, committed 7936K, reserved 1048576K
}
Event: 16.743 GC heap before
{Heap before GC invocations=21 (full 0):
 garbage-first heap   total 190464K, used 151278K [0x0000000701600000, 0x0000000800000000)
  region size 2048K, 23 young (47104K), 4 survivors (8192K)
 Metaspace       used 69022K, committed 69312K, reserved 1114112K
  class space    used 7854K, committed 8000K, reserved 1048576K
}
Event: 16.758 GC heap after
{Heap after GC invocations=22 (full 0):
 garbage-first heap   total 190464K, used 118512K [0x0000000701600000, 0x0000000800000000)
  region size 2048K, 3 young (6144K), 3 survivors (6144K)
 Metaspace       used 69022K, committed 69312K, reserved 1114112K
  class space    used 7854K, committed 8000K, reserved 1048576K
}
Event: 18.201 GC heap before
{Heap before GC invocations=23 (full 0):
 garbage-first heap   total 212992K, used 153328K [0x0000000701600000, 0x0000000800000000)
  region size 2048K, 20 young (40960K), 3 survivors (6144K)
 Metaspace       used 70843K, committed 71232K, reserved 1114112K
  class space    used 8167K, committed 8320K, reserved 1048576K
}
Event: 18.214 GC heap after
{Heap after GC invocations=24 (full 0):
 garbage-first heap   total 212992K, used 125146K [0x0000000701600000, 0x0000000800000000)
  region size 2048K, 3 young (6144K), 3 survivors (6144K)
 Metaspace       used 70843K, committed 71232K, reserved 1114112K
  class space    used 8167K, committed 8320K, reserved 1048576K
}
Event: 18.398 GC heap before
{Heap before GC invocations=24 (full 0):
 garbage-first heap   total 212992K, used 129242K [0x0000000701600000, 0x0000000800000000)
  region size 2048K, 5 young (10240K), 3 survivors (6144K)
 Metaspace       used 70891K, committed 71232K, reserved 1114112K
  class space    used 8168K, committed 8320K, reserved 1048576K
}
Event: 18.408 GC heap after
{Heap after GC invocations=25 (full 0):
 garbage-first heap   total 260096K, used 125226K [0x0000000701600000, 0x0000000800000000)
  region size 2048K, 1 young (2048K), 1 survivors (2048K)
 Metaspace       used 70891K, committed 71232K, reserved 1114112K
  class space    used 8168K, committed 8320K, reserved 1048576K
}
Event: 21.018 GC heap before
{Heap before GC invocations=25 (full 0):
 garbage-first heap   total 260096K, used 198954K [0x0000000701600000, 0x0000000800000000)
  region size 2048K, 37 young (75776K), 1 survivors (2048K)
 Metaspace       used 71736K, committed 72064K, reserved 1114112K
  class space    used 8219K, committed 8384K, reserved 1048576K
}
Event: 21.031 GC heap after
{Heap after GC invocations=26 (full 0):
 garbage-first heap   total 260096K, used 133798K [0x0000000701600000, 0x0000000800000000)
  region size 2048K, 5 young (10240K), 5 survivors (10240K)
 Metaspace       used 71736K, committed 72064K, reserved 1114112K
  class space    used 8219K, committed 8384K, reserved 1048576K
}
Event: 23.007 GC heap before
{Heap before GC invocations=27 (full 0):
 garbage-first heap   total 260096K, used 203430K [0x0000000701600000, 0x0000000800000000)
  region size 2048K, 39 young (79872K), 5 survivors (10240K)
 Metaspace       used 72038K, committed 72384K, reserved 1114112K
  class space    used 8241K, committed 8384K, reserved 1048576K
}
Event: 23.031 GC heap after
{Heap after GC invocations=28 (full 0):
 garbage-first heap   total 260096K, used 144162K [0x0000000701600000, 0x0000000800000000)
  region size 2048K, 5 young (10240K), 5 survivors (10240K)
 Metaspace       used 72038K, committed 72384K, reserved 1114112K
  class space    used 8241K, committed 8384K, reserved 1048576K
}
Event: 23.072 GC heap before
{Heap before GC invocations=28 (full 0):
 garbage-first heap   total 260096K, used 146210K [0x0000000701600000, 0x0000000800000000)
  region size 2048K, 6 young (12288K), 5 survivors (10240K)
 Metaspace       used 72290K, committed 72576K, reserved 1114112K
  class space    used 8270K, committed 8384K, reserved 1048576K
}
Event: 23.084 GC heap after
{Heap after GC invocations=29 (full 0):
 garbage-first heap   total 260096K, used 145474K [0x0000000701600000, 0x0000000800000000)
  region size 2048K, 1 young (2048K), 1 survivors (2048K)
 Metaspace       used 72290K, committed 72576K, reserved 1114112K
  class space    used 8270K, committed 8384K, reserved 1048576K
}
Event: 23.947 GC heap before
{Heap before GC invocations=29 (full 0):
 garbage-first heap   total 260096K, used 206914K [0x0000000701600000, 0x0000000800000000)
  region size 2048K, 31 young (63488K), 1 survivors (2048K)
 Metaspace       used 72552K, committed 72960K, reserved 1114112K
  class space    used 8277K, committed 8448K, reserved 1048576K
}
Event: 23.960 GC heap after
{Heap after GC invocations=30 (full 0):
 garbage-first heap   total 260096K, used 154971K [0x0000000701600000, 0x0000000800000000)
  region size 2048K, 4 young (8192K), 4 survivors (8192K)
 Metaspace       used 72552K, committed 72960K, reserved 1114112K
  class space    used 8277K, committed 8448K, reserved 1048576K
}
Event: 24.700 GC heap before
{Heap before GC invocations=30 (full 0):
 garbage-first heap   total 260096K, used 210267K [0x0000000701600000, 0x0000000800000000)
  region size 2048K, 31 young (63488K), 4 survivors (8192K)
 Metaspace       used 72689K, committed 73088K, reserved 1114112K
  class space    used 8279K, committed 8448K, reserved 1048576K
}

Dll operation events (2 events):
Event: 0.008 Loaded shared library C:\Program Files\Android\Android Studio\jbr\bin\java.dll
Event: 1.063 Loaded shared library C:\Program Files\Android\Android Studio\jbr\bin\verify.dll

Deoptimization events (20 events):
Event: 24.621 Thread 0x000001fd6d1bab10 Uncommon trap: trap_request=0xffffff45 fr.pc=0x000001fd78279708 relative=0x0000000000000468
Event: 24.621 Thread 0x000001fd6d1bab10 Uncommon trap: reason=unstable_if action=reinterpret pc=0x000001fd78279708 method=org.jetbrains.kotlin.builtins.functions.FunctionClassKind$Companion.byClassNamePrefix(Lorg/jetbrains/kotlin/name/FqName;Ljava/lang/String;)Lorg/jetbrains/kotlin/builtins/fun
Event: 24.621 Thread 0x000001fd6d1bab10 DEOPT PACKING pc=0x000001fd78279708 sp=0x0000006e2faf8180
Event: 24.621 Thread 0x000001fd6d1bab10 DEOPT UNPACKING pc=0x000001fd77c169a3 sp=0x0000006e2faf80f0 mode 2
Event: 24.624 Thread 0x000001fd6d1bab10 Uncommon trap: trap_request=0xffffffc6 fr.pc=0x000001fd787fe330 relative=0x0000000000006c50
Event: 24.624 Thread 0x000001fd6d1bab10 Uncommon trap: reason=bimorphic_or_optimized_type_check action=maybe_recompile pc=0x000001fd787fe330 method=org.jetbrains.kotlin.descriptors.impl.ModuleAwareClassDescriptor$Companion.getRefinedMemberScopeIfPossible$descriptors(Lorg/jetbrains/kotlin/descri
Event: 24.624 Thread 0x000001fd6d1bab10 DEOPT PACKING pc=0x000001fd787fe330 sp=0x0000006e2faf8880
Event: 24.624 Thread 0x000001fd6d1bab10 DEOPT UNPACKING pc=0x000001fd77c169a3 sp=0x0000006e2faf86c0 mode 2
Event: 24.627 Thread 0x000001fd6d1bab10 Uncommon trap: trap_request=0xffffff45 fr.pc=0x000001fd786be644 relative=0x0000000000000104
Event: 24.627 Thread 0x000001fd6d1bab10 Uncommon trap: reason=unstable_if action=reinterpret pc=0x000001fd786be644 method=java.lang.StrictMath.floorOrCeil(DDDD)D @ 115 c2
Event: 24.627 Thread 0x000001fd6d1bab10 DEOPT PACKING pc=0x000001fd786be644 sp=0x0000006e2faf9100
Event: 24.627 Thread 0x000001fd6d1bab10 DEOPT UNPACKING pc=0x000001fd77c169a3 sp=0x0000006e2faf9078 mode 2
Event: 24.629 Thread 0x000001fd6d1bab10 Uncommon trap: trap_request=0xffffff45 fr.pc=0x000001fd78649d64 relative=0x0000000000000704
Event: 24.629 Thread 0x000001fd6d1bab10 Uncommon trap: reason=unstable_if action=reinterpret pc=0x000001fd78649d64 method=org.jetbrains.kotlin.builtins.functions.FunctionClassKind$Companion.byClassNamePrefix(Lorg/jetbrains/kotlin/name/FqName;Ljava/lang/String;)Lorg/jetbrains/kotlin/builtins/fun
Event: 24.629 Thread 0x000001fd6d1bab10 DEOPT PACKING pc=0x000001fd78649d64 sp=0x0000006e2faf9530
Event: 24.629 Thread 0x000001fd6d1bab10 DEOPT UNPACKING pc=0x000001fd77c169a3 sp=0x0000006e2faf9368 mode 2
Event: 24.629 Thread 0x000001fd6d1bab10 Uncommon trap: trap_request=0xffffff45 fr.pc=0x000001fd7881e5f4 relative=0x0000000000000ab4
Event: 24.629 Thread 0x000001fd6d1bab10 Uncommon trap: reason=unstable_if action=reinterpret pc=0x000001fd7881e5f4 method=org.jetbrains.kotlin.builtins.functions.FunctionClassKind$Companion.byClassNamePrefix(Lorg/jetbrains/kotlin/name/FqName;Ljava/lang/String;)Lorg/jetbrains/kotlin/builtins/fun
Event: 24.629 Thread 0x000001fd6d1bab10 DEOPT PACKING pc=0x000001fd7881e5f4 sp=0x0000006e2faf9630
Event: 24.629 Thread 0x000001fd6d1bab10 DEOPT UNPACKING pc=0x000001fd77c169a3 sp=0x0000006e2faf9408 mode 2

Classes unloaded (0 events):
No events

Classes redefined (0 events):
No events

Internal exceptions (20 events):
Event: 9.081 Thread 0x000001fd6d1bab10 Exception <a 'java/lang/IncompatibleClassChangeError'{0x000000070bb68fe0}: Found class java.lang.Object, but interface was expected> (0x000000070bb68fe0) 
thrown [s\src\hotspot\share\interpreter\linkResolver.cpp, line 838]
Event: 12.113 Thread 0x000001fd6d1bab10 Implicit null exception at 0x000001fd785d5ec0 to 0x000001fd785d7614
Event: 12.113 Thread 0x000001fd6d1bab10 Implicit null exception at 0x000001fd784b0fe0 to 0x000001fd784b14c4
Event: 12.441 Thread 0x000001fd6d1bab10 Exception <a 'java/lang/NoSuchMethodError'{0x00000007114196f0}: 'java.lang.Object java.lang.invoke.DirectMethodHandle$Holder.newInvokeSpecial(java.lang.Object, java.lang.Object, java.lang.Object, java.lang.Object, java.lang.Object, java.lang.Object, java.lang.Object)'> (0x00000007114196f0) 
thrown [s\src\hotspot\share\interpreter\linkResolver.cpp, line 771]
Event: 12.442 Thread 0x000001fd6d1bab10 Exception <a 'java/lang/NoSuchMethodError'{0x000000071141e2a8}: 'java.lang.Object java.lang.invoke.Invokers$Holder.linkToTargetMethod(java.lang.Object, java.lang.Object, java.lang.Object, java.lang.Object, java.lang.Object, java.lang.Object, java.lang.Object)'> (0x000000071141e2a8) 
thrown [s\src\hotspot\share\interpreter\linkResolver.cpp, line 771]
Event: 13.589 Thread 0x000001fd6d1bab10 Implicit null exception at 0x000001fd78545940 to 0x000001fd78546158
Event: 15.416 Thread 0x000001fd6d1bab10 Implicit null exception at 0x000001fd78386461 to 0x000001fd78386dbc
Event: 15.978 Thread 0x000001fd6d1bab10 Implicit null exception at 0x000001fd7817bd55 to 0x000001fd7817c360
Event: 15.978 Thread 0x000001fd6d1bab10 Implicit null exception at 0x000001fd783807aa to 0x000001fd783811a0
Event: 15.996 Thread 0x000001fd6d1bab10 Implicit null exception at 0x000001fd7817d5d2 to 0x000001fd7817dbd0
Event: 16.314 Thread 0x000001fd6d1bab10 Exception <a 'java/lang/NoSuchMethodError'{0x000000070bee2c80}: 'void java.lang.invoke.DirectMethodHandle$Holder.invokeStatic(java.lang.Object, java.lang.Object, java.lang.Object)'> (0x000000070bee2c80) 
thrown [s\src\hotspot\share\interpreter\linkResolver.cpp, line 771]
Event: 16.568 Thread 0x000001fd6d1bab10 Exception <a 'java/lang/NoSuchMethodError'{0x000000070b13aa88}: 'java.lang.Object java.lang.invoke.DirectMethodHandle$Holder.invokeStatic(java.lang.Object, java.lang.Object, java.lang.Object, java.lang.Object, int)'> (0x000000070b13aa88) 
thrown [s\src\hotspot\share\interpreter\linkResolver.cpp, line 771]
Event: 16.569 Thread 0x000001fd6d1bab10 Exception <a 'java/lang/NoSuchMethodError'{0x000000070b144678}: 'java.lang.Object java.lang.invoke.DirectMethodHandle$Holder.newInvokeSpecial(java.lang.Object, java.lang.Object, java.lang.Object, java.lang.Object, int)'> (0x000000070b144678) 
thrown [s\src\hotspot\share\interpreter\linkResolver.cpp, line 771]
Event: 16.570 Thread 0x000001fd6d1bab10 Exception <a 'java/lang/NoSuchMethodError'{0x000000070b1491a8}: 'java.lang.Object java.lang.invoke.DirectMethodHandle$Holder.invokeSpecial(java.lang.Object, java.lang.Object, java.lang.Object, java.lang.Object, java.lang.Object, int)'> (0x000000070b1491a8) 
thrown [s\src\hotspot\share\interpreter\linkResolver.cpp, line 771]
Event: 16.571 Thread 0x000001fd6d1bab10 Exception <a 'java/lang/NoSuchMethodError'{0x000000070b14d688}: 'java.lang.Object java.lang.invoke.Invokers$Holder.linkToTargetMethod(java.lang.Object, java.lang.Object, java.lang.Object, int, java.lang.Object)'> (0x000000070b14d688) 
thrown [s\src\hotspot\share\interpreter\linkResolver.cpp, line 771]
Event: 18.044 Thread 0x000001fd6d1bab10 Exception <a 'java/lang/NoSuchMethodError'{0x000000070d07f2a8}: 'int java.lang.invoke.DirectMethodHandle$Holder.invokeVirtual(java.lang.Object, java.lang.Object, java.lang.Object)'> (0x000000070d07f2a8) 
thrown [s\src\hotspot\share\interpreter\linkResolver.cpp, line 771]
Event: 23.041 Thread 0x000001fd6d1bab10 Exception <a 'java/lang/NoSuchMethodError'{0x00000007114a3948}: 'void java.lang.invoke.DirectMethodHandle$Holder.invokeInterface(java.lang.Object, java.lang.Object)'> (0x00000007114a3948) 
thrown [s\src\hotspot\share\interpreter\linkResolver.cpp, line 771]
Event: 23.131 Thread 0x000001fd6d1bab10 Exception <a 'java/lang/NoSuchMethodError'{0x0000000710cefa48}: 'java.lang.Object java.lang.invoke.DirectMethodHandle$Holder.newInvokeSpecial(java.lang.Object, java.lang.Object, java.lang.Object, java.lang.Object, java.lang.Object, java.lang.Object, java.lang.Object, java.lang.Object)'> (0x0000000710cefa48) 
thrown [s\src\hotspot\share\interpreter\linkResolver.cpp, line 771]
Event: 23.131 Thread 0x000001fd6d1bab10 Exception <a 'java/lang/NoSuchMethodError'{0x0000000710cf5060}: 'java.lang.Object java.lang.invoke.DirectMethodHandle$Holder.invokeSpecial(java.lang.Object, java.lang.Object, java.lang.Object, java.lang.Object, java.lang.Object, java.lang.Object, java.lang.Object, java.lang.Object, java.lang.Object)'> (0x0000000710cf5060) 
thrown [s\src\hotspot\share\interpreter\linkResolver.cpp, line 771]
Event: 23.132 Thread 0x000001fd6d1bab10 Exception <a 'java/lang/NoSuchMethodError'{0x0000000710cf9f90}: 'java.lang.Object java.lang.invoke.Invokers$Holder.linkToTargetMethod(java.lang.Object, java.lang.Object, java.lang.Object, java.lang.Object, java.lang.Object, java.lang.Object, java.lang.Object, java.lang.Object)'> (0x0000000710cf9f90) 
thrown [s\src\hotspot\share\interpreter\linkResolver.cpp, line 771]

VM Operations (20 events):
Event: 23.031 Executing VM operation: G1CollectForAllocation done
Event: 23.038 Executing VM operation: HandshakeAllThreads
Event: 23.038 Executing VM operation: HandshakeAllThreads done
Event: 23.072 Executing VM operation: G1CollectForAllocation
Event: 23.084 Executing VM operation: G1CollectForAllocation done
Event: 23.567 Executing VM operation: ICBufferFull
Event: 23.568 Executing VM operation: ICBufferFull done
Event: 23.577 Executing VM operation: HandshakeAllThreads
Event: 23.577 Executing VM operation: HandshakeAllThreads done
Event: 23.579 Executing VM operation: HandshakeAllThreads
Event: 23.579 Executing VM operation: HandshakeAllThreads done
Event: 23.881 Executing VM operation: ICBufferFull
Event: 23.881 Executing VM operation: ICBufferFull done
Event: 23.947 Executing VM operation: G1CollectForAllocation
Event: 23.960 Executing VM operation: G1CollectForAllocation done
Event: 24.363 Executing VM operation: ICBufferFull
Event: 24.363 Executing VM operation: ICBufferFull done
Event: 24.602 Executing VM operation: HandshakeAllThreads
Event: 24.602 Executing VM operation: HandshakeAllThreads done
Event: 24.700 Executing VM operation: G1CollectForAllocation

Events (20 events):
Event: 23.047 loading class java/util/stream/SpinedBuffer
Event: 23.047 loading class java/util/stream/AbstractSpinedBuffer
Event: 23.047 loading class java/util/stream/AbstractSpinedBuffer done
Event: 23.047 loading class java/util/stream/SpinedBuffer done
Event: 23.047 loading class java/util/stream/Nodes$SpinedNodeBuilder done
Event: 24.608 Thread 0x000001fd0c8b3620 flushing nmethod 0x000001fd707a1490
Event: 24.609 Thread 0x000001fd0c8b3620 flushing nmethod 0x000001fd708d6690
Event: 24.614 Thread 0x000001fd0c8b3620 flushing nmethod 0x000001fd70dbaf90
Event: 24.618 Thread 0x000001fd0c8b3620 flushing nmethod 0x000001fd71271190
Event: 24.619 Thread 0x000001fd0c8b3620 flushing nmethod 0x000001fd713ba290
Event: 24.621 Thread 0x000001fd0c8b3620 flushing nmethod 0x000001fd716e1690
Event: 24.621 Thread 0x000001fd0c8b3620 flushing nmethod 0x000001fd71711790
Event: 24.621 Thread 0x000001fd0c8b3620 flushing nmethod 0x000001fd717b5290
Event: 24.622 Thread 0x000001fd0c8b3620 flushing nmethod 0x000001fd717b7b90
Event: 24.622 Thread 0x000001fd0c8b3620 flushing nmethod 0x000001fd71893990
Event: 24.623 Thread 0x000001fd0c8b3620 flushing nmethod 0x000001fd71948090
Event: 24.625 Thread 0x000001fd0c8b3620 flushing nmethod 0x000001fd71b99110
Event: 24.626 Thread 0x000001fd0c8b3620 flushing nmethod 0x000001fd71c04e90
Event: 24.627 Thread 0x000001fd0c8b3620 flushing nmethod 0x000001fd71d8e510
Event: 24.629 Thread 0x000001fd0c8b3620 flushing nmethod 0x000001fd720b7490


Dynamic libraries:
0x00007ff716610000 - 0x00007ff71661a000 	C:\Program Files\Android\Android Studio\jbr\bin\java.exe
0x00007ff9a8070000 - 0x00007ff9a8267000 	C:\WINDOWS\SYSTEM32\ntdll.dll
0x00007ff9a77b0000 - 0x00007ff9a786d000 	C:\WINDOWS\System32\KERNEL32.DLL
0x00007ff9a5d20000 - 0x00007ff9a6016000 	C:\WINDOWS\System32\KERNELBASE.dll
0x00007ff9a5950000 - 0x00007ff9a5a50000 	C:\WINDOWS\System32\ucrtbase.dll
0x00007ff99e580000 - 0x00007ff99e597000 	C:\Program Files\Android\Android Studio\jbr\bin\jli.dll
0x00007ff99d9a0000 - 0x00007ff99d9bb000 	C:\Program Files\Android\Android Studio\jbr\bin\VCRUNTIME140.dll
0x00007ff9a6570000 - 0x00007ff9a670e000 	C:\WINDOWS\System32\USER32.dll
0x00007ff9a5b00000 - 0x00007ff9a5b22000 	C:\WINDOWS\System32\win32u.dll
0x00007ff9a7870000 - 0x00007ff9a789c000 	C:\WINDOWS\System32\GDI32.dll
0x00007ff97bfc0000 - 0x00007ff97c25a000 	C:\WINDOWS\WinSxS\amd64_microsoft.windows.common-controls_6595b64144ccf1df_6.0.19041.3570_none_60bb2a3971f3e41a\COMCTL32.dll
0x00007ff9a5830000 - 0x00007ff9a594a000 	C:\WINDOWS\System32\gdi32full.dll
0x00007ff9a64d0000 - 0x00007ff9a656e000 	C:\WINDOWS\System32\msvcrt.dll
0x00007ff9a5790000 - 0x00007ff9a582d000 	C:\WINDOWS\System32\msvcp_win.dll
0x00007ff9a7e10000 - 0x00007ff9a7e40000 	C:\WINDOWS\System32\IMM32.DLL
0x00007ff99f8a0000 - 0x00007ff99f8ac000 	C:\Program Files\Android\Android Studio\jbr\bin\vcruntime140_1.dll
0x00007ff96bd10000 - 0x00007ff96bd9d000 	C:\Program Files\Android\Android Studio\jbr\bin\msvcp140.dll
0x00007ff937f90000 - 0x00007ff938bfd000 	C:\Program Files\Android\Android Studio\jbr\bin\server\jvm.dll
0x00007ff9a7280000 - 0x00007ff9a732e000 	C:\WINDOWS\System32\ADVAPI32.dll
0x00007ff9a7f60000 - 0x00007ff9a7ffc000 	C:\WINDOWS\System32\sechost.dll
0x00007ff9a6130000 - 0x00007ff9a6256000 	C:\WINDOWS\System32\RPCRT4.dll
0x00007ff997c90000 - 0x00007ff997cb7000 	C:\WINDOWS\SYSTEM32\WINMM.dll
0x00007ff99ea30000 - 0x00007ff99ea3a000 	C:\WINDOWS\SYSTEM32\VERSION.dll
0x00007ff98dc30000 - 0x00007ff98dc39000 	C:\WINDOWS\SYSTEM32\WSOCK32.dll
0x00007ff9a7740000 - 0x00007ff9a77ab000 	C:\WINDOWS\System32\WS2_32.dll
0x00007ff9a3f10000 - 0x00007ff9a3f22000 	C:\WINDOWS\SYSTEM32\kernel.appcore.dll
0x00007ff937f80000 - 0x00007ff937f8a000 	C:\Program Files\Android\Android Studio\jbr\bin\jimage.dll
0x00007ff9a3330000 - 0x00007ff9a3514000 	C:\WINDOWS\SYSTEM32\DBGHELP.DLL
0x00007ff99aae0000 - 0x00007ff99ab14000 	C:\WINDOWS\SYSTEM32\dbgcore.DLL
0x00007ff9a5b30000 - 0x00007ff9a5bb2000 	C:\WINDOWS\System32\bcryptPrimitives.dll
0x00007ff937f50000 - 0x00007ff937f75000 	C:\Program Files\Android\Android Studio\jbr\bin\java.dll
0x00007ff937f30000 - 0x00007ff937f48000 	C:\Program Files\Android\Android Studio\jbr\bin\zip.dll
0x00007ff9a6870000 - 0x00007ff9a6fb4000 	C:\WINDOWS\System32\SHELL32.dll
0x00007ff9a3760000 - 0x00007ff9a3efb000 	C:\WINDOWS\SYSTEM32\windows.storage.dll
0x00007ff9a7330000 - 0x00007ff9a7684000 	C:\WINDOWS\System32\combase.dll
0x00007ff9a5080000 - 0x00007ff9a50ad000 	C:\WINDOWS\SYSTEM32\Wldp.dll
0x00007ff9a6fd0000 - 0x00007ff9a707d000 	C:\WINDOWS\System32\SHCORE.dll
0x00007ff9a67f0000 - 0x00007ff9a6845000 	C:\WINDOWS\System32\shlwapi.dll
0x00007ff9a5650000 - 0x00007ff9a5675000 	C:\WINDOWS\SYSTEM32\profapi.dll
0x00007ff937f10000 - 0x00007ff937f29000 	C:\Program Files\Android\Android Studio\jbr\bin\net.dll
0x00007ff99cb70000 - 0x00007ff99cc7a000 	C:\WINDOWS\SYSTEM32\WINHTTP.dll
0x00007ff9a4e60000 - 0x00007ff9a4eca000 	C:\WINDOWS\system32\mswsock.dll
0x00007ff937ef0000 - 0x00007ff937f06000 	C:\Program Files\Android\Android Studio\jbr\bin\nio.dll
0x00007ff937c90000 - 0x00007ff937ca0000 	C:\Program Files\Android\Android Studio\jbr\bin\verify.dll

dbghelp: loaded successfully - version: 4.0.5 - missing functions: none
symbol engine: initialized successfully - sym options: 0x614 - pdb path: .;C:\Program Files\Android\Android Studio\jbr\bin;C:\WINDOWS\SYSTEM32;C:\WINDOWS\WinSxS\amd64_microsoft.windows.common-controls_6595b64144ccf1df_6.0.19041.3570_none_60bb2a3971f3e41a;C:\Program Files\Android\Android Studio\jbr\bin\server

VM Arguments:
java_command: org.jetbrains.kotlin.cli.jvm.K2JVMCompiler @E:\Desktop\do an\SG Taxi Files\Apps\Driver-App\app\build\20231124_3720105781208691206.compiler.options
java_class_path (initial): C:\Users\Ho Uyen\.gradle\caches\modules-2\files-2.1\org.jetbrains.kotlin\kotlin-compiler-embeddable\1.7.20\8db18559a581dd2c36ddfd5046af145650f5b126\kotlin-compiler-embeddable-1.7.20.jar;C:\Users\Ho Uyen\.gradle\caches\modules-2\files-2.1\org.jetbrains.kotlin\kotlin-reflect\1.7.20\12b2501e33bb6373e8e347c86d85481863629381\kotlin-reflect-1.7.20.jar;C:\Users\Ho Uyen\.gradle\caches\modules-2\files-2.1\org.jetbrains.kotlin\kotlin-stdlib\1.7.20\726594ea9ba2beb2ee113647fefa9a10f9fabe52\kotlin-stdlib-1.7.20.jar;C:\Users\Ho Uyen\.gradle\caches\modules-2\files-2.1\org.jetbrains.kotlin\kotlin-script-runtime\1.7.20\bcd1cc6f865e632550357fcc59f5ffd532615a8\kotlin-script-runtime-1.7.20.jar;C:\Users\Ho Uyen\.gradle\caches\modules-2\files-2.1\org.jetbrains.kotlin\kotlin-daemon-embeddable\1.7.20\1e24355adad8d529d75d5b19eab55484057431ba\kotlin-daemon-embeddable-1.7.20.jar;C:\Users\Ho Uyen\.gradle\caches\modules-2\files-2.1\org.jetbrains.intellij.deps\trove4j\1.0.20200330\3afb14d5f9ceb459d724e907a21145e8ff394f02\trove4j-1.0.20200330.jar;C:\Users\Ho Uyen\.gradle\caches\modules-2\files-2.1\net.java.dev.jna\jna\5.6.0\330f2244e9030119ab3030fc3fededc86713d9cc\jna-5.6.0.jar;C:\Users\Ho Uyen\.gradle\caches\modules-2\files-2.1\org.jetbrains.kotlin\kotlin-stdlib-common\1.7.20\e15351bdaf9fa06f009be5da7a202e4184f00ae3\kotlin-stdlib-common-1.7.20.jar;C:\Users\Ho Uyen\.gradle\caches\modules-2\files-2.1\org.jetbrains\annotations\13.0\919f0dfe192fb4e063e7dacadee7f8bb9a2672a9\annotations-13.0.jar
Launcher Type: SUN_STANDARD

[Global flags]
     intx CICompilerCount                          = 4                                         {product} {ergonomic}
     uint ConcGCThreads                            = 2                                         {product} {ergonomic}
     uint G1ConcRefinementThreads                  = 8                                         {product} {ergonomic}
   size_t G1HeapRegionSize                         = 2097152                                   {product} {ergonomic}
    uintx GCDrainStackTargetSize                   = 64                                        {product} {ergonomic}
   size_t InitialHeapSize                          = 268435456                                 {product} {ergonomic}
   size_t MarkStackSize                            = 4194304                                   {product} {ergonomic}
   size_t MaxHeapSize                              = 4271898624                                {product} {ergonomic}
   size_t MaxNewSize                               = 2562719744                                {product} {ergonomic}
   size_t MinHeapDeltaBytes                        = 2097152                                   {product} {ergonomic}
   size_t MinHeapSize                              = 8388608                                   {product} {ergonomic}
    uintx NonNMethodCodeHeapSize                   = 5839372                                {pd product} {ergonomic}
    uintx NonProfiledCodeHeapSize                  = 122909434                              {pd product} {ergonomic}
    uintx ProfiledCodeHeapSize                     = 122909434                              {pd product} {ergonomic}
    uintx ReservedCodeCacheSize                    = 251658240                              {pd product} {ergonomic}
     bool SegmentedCodeCache                       = true                                      {product} {ergonomic}
   size_t SoftMaxHeapSize                          = 4271898624                             {manageable} {ergonomic}
     bool UseCompressedClassPointers               = true                           {product lp64_product} {ergonomic}
     bool UseCompressedOops                        = true                           {product lp64_product} {ergonomic}
     bool UseG1GC                                  = true                                      {product} {ergonomic}
     bool UseLargePagesIndividualAllocation        = false                                  {pd product} {ergonomic}

Logging:
Log output configuration:
 #0: stdout all=warning uptime,level,tags
 #1: stderr all=off uptime,level,tags

Environment Variables:
JAVA_HOME=C:\Program Files\Microsoft\jdk-11.0.18.10-hotspot\
PATH=C:\Python311\Scripts\;C:\Python311\;C:\Program Files\Microsoft\jdk-11.0.18.10-hotspot\bin;C:\Program Files (x86)\VMware\VMware Player\bin\;C:\Program Files (x86)\Common Files\Oracle\Java\javapath;C:\Python39\Scripts\;C:\Python39\;C:\Windows\system32;C:\Windows;C:\Windows\System32\Wbem;C:\Windows\System32\WindowsPowerShell\v1.0\;C:\Program Files (x86)\NVIDIA Corporation\PhysX\Common;C:\Program Files\Microsoft SQL Server\130\Tools\Binn\;C:\Program Files\Process Lasso\;C:\Program Files (x86)\EaseUS\Todo Backup\bin;C:\WINDOWS\system32;C:\WINDOWS;C:\WINDOWS\System32\Wbem;C:\WINDOWS\System32\WindowsPowerShell\v1.0\;C:\WINDOWS\System32\OpenSSH\;C:\Program Files\NVIDIA Corporation\NVIDIA NvDLISR;C:\ProgramData\chocolatey\bin;C:\Program Files\Microsoft SQL Server\Client SDK\ODBC\170\Tools\Binn\;C:\Program Files\dotnet\;C:\Program Files (x86)\Microsoft SQL Server\150\Tools\Binn\;C:\Program Files\Microsoft SQL Server\150\Tools\Binn\;C:\Program Files\Microsoft SQL Server\150\DTS\Binn\;C:\Program Files (x86)\Microsoft SQL Server\150\DTS\Binn\;C:\MinGW\bin;C:\Program Files\nodejs\;C:\Program Files\Git\cmd;C:\Program Files\php-8.2.10-Win32-vs16-x64;C:\composer;C:\Program Files\MySQL\MySQL Shell 8.0\bin\;C:\Users\Ho Uyen\AppData\Local\pnpm;C:\Users\Ho Uyen\AppData\Local\Microsoft\WindowsApps;C:\Users\Ho Uyen\AppData\Local\Programs\Microsoft VS Code\bin;C:\Users\Ho Uyen\.dotnet\tools;C:\Program Files\Azure Data Studio\bin;C:\Users\Ho Uyen\AppData\Roaming\npm;E:\Android\sdk\platform-tools;C:\Users\Ho Uyen\AppData\Roaming\Composer\vendor\bin
USERNAME=Ho Uyen
OS=Windows_NT
PROCESSOR_IDENTIFIER=Intel64 Family 6 Model 158 Stepping 10, GenuineIntel
TMP=C:\Users\Ho Uyen\AppData\Local\Temp
TEMP=C:\Users\Ho Uyen\AppData\Local\Temp



---------------  S Y S T E M  ---------------

OS:
 Windows 10 , 64 bit Build 19041 (10.0.19041.3570)
OS uptime: 0 days 2:09 hours
Hyper-V role detected

CPU: total 8 (initial active 8) (4 cores per cpu, 2 threads per core) family 6 model 158 stepping 10 microcode 0xec, cx8, cmov, fxsr, ht, mmx, 3dnowpref, sse, sse2, sse3, ssse3, sse4.1, sse4.2, popcnt, lzcnt, tsc, tscinvbit, avx, avx2, aes, erms, clmul, bmi1, bmi2, adx, fma, vzeroupper, clflush, clflushopt, hv

Memory: 4k page, system-wide physical 16295M (1817M free)
TotalPageFile size 20391M (AvailPageFile size 117M)
current process WorkingSet (physical memory assigned to process): 497M, peak: 502M
current process commit charge ("private bytes"): 535M, peak: 749M

vm_info: OpenJDK 64-Bit Server VM (17.0.6+0-b2043.56-9586694) for windows-amd64 JRE (17.0.6+0-b2043.56-9586694), built on Feb  9 2023 20:06:20 by "androidbuild" with MS VC++ 16.10 / 16.11 (VS2019)

END.
